{"/mnt/c/Users/eliz0/OneDrive/Bureau/Savorly/backend/app.js": {"path":"/mnt/c/Users/eliz0/OneDrive/Bureau/Savorly/backend/app.js","statementMap":{"0":{"start":{"line":18,"column":16},"end":{"line":18,"column":82}},"1":{"start":{"line":19,"column":0},"end":{"line":19,"column":62}},"2":{"start":{"line":21,"column":0},"end":{"line":24,"column":1}},"3":{"start":{"line":22,"column":2},"end":{"line":22,"column":66}},"4":{"start":{"line":23,"column":2},"end":{"line":23,"column":69}},"5":{"start":{"line":26,"column":12},"end":{"line":26,"column":21}},"6":{"start":{"line":28,"column":0},"end":{"line":28,"column":15}},"7":{"start":{"line":30,"column":0},"end":{"line":30,"column":26}},"8":{"start":{"line":32,"column":23},"end":{"line":36,"column":1}},"9":{"start":{"line":38,"column":20},"end":{"line":54,"column":1}},"10":{"start":{"line":40,"column":4},"end":{"line":40,"column":44}},"11":{"start":{"line":41,"column":4},"end":{"line":44,"column":5}},"12":{"start":{"line":43,"column":6},"end":{"line":43,"column":34}},"13":{"start":{"line":45,"column":4},"end":{"line":47,"column":5}},"14":{"start":{"line":46,"column":6},"end":{"line":46,"column":34}},"15":{"start":{"line":48,"column":4},"end":{"line":48,"column":56}},"16":{"start":{"line":49,"column":4},"end":{"line":49,"column":54}},"17":{"start":{"line":56,"column":0},"end":{"line":56,"column":36}},"18":{"start":{"line":57,"column":0},"end":{"line":57,"column":27}},"19":{"start":{"line":58,"column":0},"end":{"line":58,"column":18}},"20":{"start":{"line":59,"column":0},"end":{"line":59,"column":24}},"21":{"start":{"line":60,"column":0},"end":{"line":60,"column":24}},"22":{"start":{"line":62,"column":0},"end":{"line":62,"column":77}},"23":{"start":{"line":66,"column":0},"end":{"line":66,"column":33}},"24":{"start":{"line":67,"column":0},"end":{"line":67,"column":38}},"25":{"start":{"line":68,"column":0},"end":{"line":68,"column":43}},"26":{"start":{"line":69,"column":0},"end":{"line":69,"column":35}},"27":{"start":{"line":70,"column":0},"end":{"line":70,"column":53}},"28":{"start":{"line":71,"column":0},"end":{"line":71,"column":64}},"29":{"start":{"line":73,"column":0},"end":{"line":73,"column":34}},"30":{"start":{"line":76,"column":0},"end":{"line":87,"column":3}},"31":{"start":{"line":77,"column":2},"end":{"line":80,"column":3}},"32":{"start":{"line":78,"column":4},"end":{"line":78,"column":62}},"33":{"start":{"line":79,"column":4},"end":{"line":79,"column":58}},"34":{"start":{"line":81,"column":2},"end":{"line":84,"column":3}},"35":{"start":{"line":82,"column":4},"end":{"line":82,"column":79}},"36":{"start":{"line":83,"column":4},"end":{"line":83,"column":82}},"37":{"start":{"line":85,"column":2},"end":{"line":85,"column":85}},"38":{"start":{"line":86,"column":2},"end":{"line":86,"column":85}},"39":{"start":{"line":90,"column":0},"end":{"line":101,"column":3}},"40":{"start":{"line":91,"column":16},"end":{"line":91,"column":30}},"41":{"start":{"line":92,"column":2},"end":{"line":92,"column":76}},"42":{"start":{"line":92,"column":14},"end":{"line":92,"column":76}},"43":{"start":{"line":94,"column":2},"end":{"line":100,"column":3}},"44":{"start":{"line":95,"column":20},"end":{"line":95,"column":61}},"45":{"start":{"line":96,"column":4},"end":{"line":96,"column":38}},"46":{"start":{"line":98,"column":4},"end":{"line":98,"column":70}},"47":{"start":{"line":99,"column":4},"end":{"line":99,"column":55}},"48":{"start":{"line":103,"column":0},"end":{"line":105,"column":3}},"49":{"start":{"line":104,"column":2},"end":{"line":104,"column":38}},"50":{"start":{"line":107,"column":0},"end":{"line":111,"column":3}},"51":{"start":{"line":108,"column":23},"end":{"line":108,"column":40}},"52":{"start":{"line":109,"column":2},"end":{"line":109,"column":61}},"53":{"start":{"line":110,"column":2},"end":{"line":110,"column":37}}},"fnMap":{"0":{"name":"(anonymous_0)","decl":{"start":{"line":39,"column":10},"end":{"line":39,"column":11}},"loc":{"start":{"line":39,"column":38},"end":{"line":50,"column":3}},"line":39},"1":{"name":"(anonymous_1)","decl":{"start":{"line":76,"column":8},"end":{"line":76,"column":9}},"loc":{"start":{"line":76,"column":33},"end":{"line":87,"column":1}},"line":76},"2":{"name":"(anonymous_2)","decl":{"start":{"line":90,"column":24},"end":{"line":90,"column":25}},"loc":{"start":{"line":90,"column":38},"end":{"line":101,"column":1}},"line":90},"3":{"name":"(anonymous_3)","decl":{"start":{"line":103,"column":13},"end":{"line":103,"column":14}},"loc":{"start":{"line":103,"column":27},"end":{"line":105,"column":1}},"line":103},"4":{"name":"(anonymous_4)","decl":{"start":{"line":107,"column":24},"end":{"line":107,"column":25}},"loc":{"start":{"line":107,"column":38},"end":{"line":111,"column":1}},"line":107}},"branchMap":{"0":{"loc":{"start":{"line":18,"column":16},"end":{"line":18,"column":82}},"type":"cond-expr","locations":[{"start":{"line":18,"column":56},"end":{"line":18,"column":73}},{"start":{"line":18,"column":76},"end":{"line":18,"column":82}}],"line":18},"1":{"loc":{"start":{"line":21,"column":0},"end":{"line":24,"column":1}},"type":"if","locations":[{"start":{"line":21,"column":0},"end":{"line":24,"column":1}},{"start":{},"end":{}}],"line":21},"2":{"loc":{"start":{"line":33,"column":6},"end":{"line":33,"column":60}},"type":"cond-expr","locations":[{"start":{"line":33,"column":31},"end":{"line":33,"column":55}},{"start":{"line":33,"column":58},"end":{"line":33,"column":60}}],"line":33},"3":{"loc":{"start":{"line":41,"column":4},"end":{"line":44,"column":5}},"type":"if","locations":[{"start":{"line":41,"column":4},"end":{"line":44,"column":5}},{"start":{},"end":{}}],"line":41},"4":{"loc":{"start":{"line":45,"column":4},"end":{"line":47,"column":5}},"type":"if","locations":[{"start":{"line":45,"column":4},"end":{"line":47,"column":5}},{"start":{},"end":{}}],"line":45},"5":{"loc":{"start":{"line":77,"column":2},"end":{"line":80,"column":3}},"type":"if","locations":[{"start":{"line":77,"column":2},"end":{"line":80,"column":3}},{"start":{},"end":{}}],"line":77},"6":{"loc":{"start":{"line":81,"column":2},"end":{"line":84,"column":3}},"type":"if","locations":[{"start":{"line":81,"column":2},"end":{"line":84,"column":3}},{"start":{},"end":{}}],"line":81},"7":{"loc":{"start":{"line":81,"column":6},"end":{"line":81,"column":79}},"type":"binary-expr","locations":[{"start":{"line":81,"column":6},"end":{"line":81,"column":38}},{"start":{"line":81,"column":42},"end":{"line":81,"column":79}}],"line":81},"8":{"loc":{"start":{"line":92,"column":2},"end":{"line":92,"column":76}},"type":"if","locations":[{"start":{"line":92,"column":2},"end":{"line":92,"column":76}},{"start":{},"end":{}}],"line":92}},"s":{"0":2,"1":2,"2":2,"3":0,"4":0,"5":2,"6":2,"7":2,"8":2,"9":2,"10":4,"11":4,"12":4,"13":0,"14":0,"15":0,"16":0,"17":2,"18":2,"19":2,"20":2,"21":2,"22":2,"23":2,"24":2,"25":2,"26":2,"27":2,"28":2,"29":2,"30":2,"31":0,"32":0,"33":0,"34":0,"35":0,"36":0,"37":0,"38":0,"39":2,"40":0,"41":0,"42":0,"43":0,"44":0,"45":0,"46":0,"47":0,"48":2,"49":0,"50":2,"51":0,"52":0,"53":0},"f":{"0":4,"1":0,"2":0,"3":0,"4":0},"b":{"0":[0,2],"1":[0,2],"2":[2,0],"3":[4,0],"4":[0,0],"5":[0,0],"6":[0,0],"7":[0,0],"8":[0,0]},"_coverageSchema":"1a1c01bbd47fc00a2c39e90264f33305004495a9","hash":"e03c8ca09cd991a8f83163c5863bf0133a3d6fdb"}
,"/mnt/c/Users/eliz0/OneDrive/Bureau/Savorly/backend/config/cloudinaryConfig.js": {"path":"/mnt/c/Users/eliz0/OneDrive/Bureau/Savorly/backend/config/cloudinaryConfig.js","statementMap":{"0":{"start":{"line":4,"column":0},"end":{"line":8,"column":3}}},"fnMap":{},"branchMap":{},"s":{"0":2},"f":{},"b":{},"_coverageSchema":"1a1c01bbd47fc00a2c39e90264f33305004495a9","hash":"4d20f52019c5e104eeaec5f488236c4312509f89"}
,"/mnt/c/Users/eliz0/OneDrive/Bureau/Savorly/backend/config/db.js": {"path":"/mnt/c/Users/eliz0/OneDrive/Bureau/Savorly/backend/config/db.js","statementMap":{"0":{"start":{"line":5,"column":15},"end":{"line":5,"column":52}},"1":{"start":{"line":6,"column":19},"end":{"line":6,"column":56}},"2":{"start":{"line":8,"column":0},"end":{"line":8,"column":45}},"3":{"start":{"line":9,"column":0},"end":{"line":9,"column":53}},"4":{"start":{"line":12,"column":13},"end":{"line":31,"column":12}},"5":{"start":{"line":39,"column":2},"end":{"line":46,"column":3}},"6":{"start":{"line":40,"column":17},"end":{"line":40,"column":43}},"7":{"start":{"line":41,"column":4},"end":{"line":41,"column":51}},"8":{"start":{"line":42,"column":4},"end":{"line":42,"column":19}},"9":{"start":{"line":44,"column":4},"end":{"line":44,"column":90}},"10":{"start":{"line":45,"column":4},"end":{"line":45,"column":14}},"11":{"start":{"line":49,"column":0},"end":{"line":51,"column":74}},"12":{"start":{"line":50,"column":14},"end":{"line":50,"column":57}},"13":{"start":{"line":51,"column":16},"end":{"line":51,"column":72}}},"fnMap":{"0":{"name":"checkDbConnection","decl":{"start":{"line":38,"column":22},"end":{"line":38,"column":39}},"loc":{"start":{"line":38,"column":42},"end":{"line":47,"column":1}},"line":38},"1":{"name":"(anonymous_1)","decl":{"start":{"line":50,"column":8},"end":{"line":50,"column":9}},"loc":{"start":{"line":50,"column":14},"end":{"line":50,"column":57}},"line":50},"2":{"name":"(anonymous_2)","decl":{"start":{"line":51,"column":9},"end":{"line":51,"column":10}},"loc":{"start":{"line":51,"column":16},"end":{"line":51,"column":72}},"line":51}},"branchMap":{"0":{"loc":{"start":{"line":14,"column":10},"end":{"line":14,"column":44}},"type":"binary-expr","locations":[{"start":{"line":14,"column":10},"end":{"line":14,"column":29}},{"start":{"line":14,"column":33},"end":{"line":14,"column":44}}],"line":14},"1":{"loc":{"start":{"line":18,"column":10},"end":{"line":18,"column":66}},"type":"cond-expr","locations":[{"start":{"line":18,"column":32},"end":{"line":18,"column":59}},{"start":{"line":18,"column":62},"end":{"line":18,"column":66}}],"line":18},"2":{"loc":{"start":{"line":23,"column":8},"end":{"line":29,"column":10}},"type":"cond-expr","locations":[{"start":{"line":24,"column":8},"end":{"line":28,"column":9}},{"start":{"line":29,"column":8},"end":{"line":29,"column":10}}],"line":23},"3":{"loc":{"start":{"line":23,"column":8},"end":{"line":23,"column":28}},"type":"binary-expr","locations":[{"start":{"line":23,"column":8},"end":{"line":23,"column":14}},{"start":{"line":23,"column":18},"end":{"line":23,"column":28}}],"line":23}},"s":{"0":14,"1":14,"2":14,"3":14,"4":14,"5":10,"6":10,"7":10,"8":10,"9":0,"10":0,"11":14,"12":14,"13":0},"f":{"0":10,"1":14,"2":0},"b":{"0":[14,0],"1":[0,14],"2":[0,14],"3":[14,14]},"_coverageSchema":"1a1c01bbd47fc00a2c39e90264f33305004495a9","hash":"c11287f489f8feba74e1d60062268234a058668e"}
,"/mnt/c/Users/eliz0/OneDrive/Bureau/Savorly/backend/config/logger.js": {"path":"/mnt/c/Users/eliz0/OneDrive/Bureau/Savorly/backend/config/logger.js","statementMap":{"0":{"start":{"line":4,"column":18},"end":{"line":23,"column":1}},"1":{"start":{"line":26,"column":15},"end":{"line":59,"column":2}},"2":{"start":{"line":62,"column":0},"end":{"line":62,"column":36}}},"fnMap":{},"branchMap":{"0":{"loc":{"start":{"line":36,"column":13},"end":{"line":36,"column":69}},"type":"cond-expr","locations":[{"start":{"line":36,"column":53},"end":{"line":36,"column":59}},{"start":{"line":36,"column":62},"end":{"line":36,"column":69}}],"line":36}},"s":{"0":14,"1":14,"2":14},"f":{},"b":{"0":[0,14]},"_coverageSchema":"1a1c01bbd47fc00a2c39e90264f33305004495a9","hash":"d54f2ba1b661aadfa067822759a898debdf0aca4"}
,"/mnt/c/Users/eliz0/OneDrive/Bureau/Savorly/backend/controllers/adminController.js": {"path":"/mnt/c/Users/eliz0/OneDrive/Bureau/Savorly/backend/controllers/adminController.js","statementMap":{"0":{"start":{"line":5,"column":27},"end":{"line":18,"column":3}},"1":{"start":{"line":6,"column":4},"end":{"line":17,"column":5}},"2":{"start":{"line":7,"column":8},"end":{"line":9,"column":9}},"3":{"start":{"line":8,"column":12},"end":{"line":8,"column":84}},"4":{"start":{"line":11,"column":22},"end":{"line":11,"column":47}},"5":{"start":{"line":12,"column":8},"end":{"line":12,"column":44}},"6":{"start":{"line":13,"column":8},"end":{"line":13,"column":24}},"7":{"start":{"line":15,"column":8},"end":{"line":15,"column":51}},"8":{"start":{"line":16,"column":8},"end":{"line":16,"column":67}},"9":{"start":{"line":21,"column":26},"end":{"line":55,"column":1}},"10":{"start":{"line":22,"column":25},"end":{"line":22,"column":38}},"11":{"start":{"line":23,"column":26},"end":{"line":23,"column":37}},"12":{"start":{"line":24,"column":28},"end":{"line":24,"column":41}},"13":{"start":{"line":26,"column":4},"end":{"line":54,"column":5}},"14":{"start":{"line":27,"column":8},"end":{"line":29,"column":9}},"15":{"start":{"line":28,"column":12},"end":{"line":28,"column":84}},"16":{"start":{"line":31,"column":8},"end":{"line":33,"column":9}},"17":{"start":{"line":32,"column":12},"end":{"line":32,"column":76}},"18":{"start":{"line":35,"column":8},"end":{"line":37,"column":9}},"19":{"start":{"line":36,"column":12},"end":{"line":36,"column":92}},"20":{"start":{"line":39,"column":29},"end":{"line":39,"column":60}},"21":{"start":{"line":40,"column":8},"end":{"line":42,"column":9}},"22":{"start":{"line":41,"column":12},"end":{"line":41,"column":72}},"23":{"start":{"line":44,"column":8},"end":{"line":46,"column":9}},"24":{"start":{"line":45,"column":12},"end":{"line":45,"column":85}},"25":{"start":{"line":48,"column":8},"end":{"line":48,"column":45}},"26":{"start":{"line":49,"column":8},"end":{"line":49,"column":59}},"27":{"start":{"line":52,"column":8},"end":{"line":52,"column":51}},"28":{"start":{"line":53,"column":8},"end":{"line":53,"column":67}}},"fnMap":{"0":{"name":"(anonymous_0)","decl":{"start":{"line":5,"column":27},"end":{"line":5,"column":28}},"loc":{"start":{"line":5,"column":47},"end":{"line":18,"column":3}},"line":5},"1":{"name":"(anonymous_1)","decl":{"start":{"line":21,"column":26},"end":{"line":21,"column":27}},"loc":{"start":{"line":21,"column":46},"end":{"line":55,"column":1}},"line":21}},"branchMap":{"0":{"loc":{"start":{"line":7,"column":8},"end":{"line":9,"column":9}},"type":"if","locations":[{"start":{"line":7,"column":8},"end":{"line":9,"column":9}},{"start":{},"end":{}}],"line":7},"1":{"loc":{"start":{"line":27,"column":8},"end":{"line":29,"column":9}},"type":"if","locations":[{"start":{"line":27,"column":8},"end":{"line":29,"column":9}},{"start":{},"end":{}}],"line":27},"2":{"loc":{"start":{"line":31,"column":8},"end":{"line":33,"column":9}},"type":"if","locations":[{"start":{"line":31,"column":8},"end":{"line":33,"column":9}},{"start":{},"end":{}}],"line":31},"3":{"loc":{"start":{"line":35,"column":8},"end":{"line":37,"column":9}},"type":"if","locations":[{"start":{"line":35,"column":8},"end":{"line":37,"column":9}},{"start":{},"end":{}}],"line":35},"4":{"loc":{"start":{"line":40,"column":8},"end":{"line":42,"column":9}},"type":"if","locations":[{"start":{"line":40,"column":8},"end":{"line":42,"column":9}},{"start":{},"end":{}}],"line":40},"5":{"loc":{"start":{"line":44,"column":8},"end":{"line":46,"column":9}},"type":"if","locations":[{"start":{"line":44,"column":8},"end":{"line":46,"column":9}},{"start":{},"end":{}}],"line":44}},"s":{"0":2,"1":0,"2":0,"3":0,"4":0,"5":0,"6":0,"7":0,"8":0,"9":2,"10":0,"11":0,"12":0,"13":0,"14":0,"15":0,"16":0,"17":0,"18":0,"19":0,"20":0,"21":0,"22":0,"23":0,"24":0,"25":0,"26":0,"27":0,"28":0},"f":{"0":0,"1":0},"b":{"0":[0,0],"1":[0,0],"2":[0,0],"3":[0,0],"4":[0,0],"5":[0,0]},"_coverageSchema":"1a1c01bbd47fc00a2c39e90264f33305004495a9","hash":"19c8520f56715f785d69fe05efaf4b5779e866be"}
,"/mnt/c/Users/eliz0/OneDrive/Bureau/Savorly/backend/controllers/authController.js": {"path":"/mnt/c/Users/eliz0/OneDrive/Bureau/Savorly/backend/controllers/authController.js","statementMap":{"0":{"start":{"line":15,"column":20},"end":{"line":16,"column":77}},"1":{"start":{"line":16,"column":2},"end":{"line":16,"column":77}},"2":{"start":{"line":18,"column":34},"end":{"line":18,"column":48}},"3":{"start":{"line":18,"column":40},"end":{"line":18,"column":48}},"4":{"start":{"line":20,"column":28},"end":{"line":74,"column":1}},"5":{"start":{"line":21,"column":53},"end":{"line":21,"column":61}},"6":{"start":{"line":22,"column":15},"end":{"line":22,"column":21}},"7":{"start":{"line":24,"column":2},"end":{"line":28,"column":3}},"8":{"start":{"line":25,"column":4},"end":{"line":27,"column":6}},"9":{"start":{"line":30,"column":2},"end":{"line":73,"column":3}},"10":{"start":{"line":31,"column":25},"end":{"line":31,"column":52}},"11":{"start":{"line":32,"column":4},"end":{"line":35,"column":5}},"12":{"start":{"line":33,"column":6},"end":{"line":33,"column":74}},"13":{"start":{"line":34,"column":6},"end":{"line":34,"column":71}},"14":{"start":{"line":37,"column":26},"end":{"line":37,"column":57}},"15":{"start":{"line":38,"column":31},"end":{"line":38,"column":39}},"16":{"start":{"line":40,"column":20},"end":{"line":48,"column":6}},"17":{"start":{"line":50,"column":28},"end":{"line":52,"column":7}},"18":{"start":{"line":54,"column":4},"end":{"line":54,"column":54}},"19":{"start":{"line":55,"column":4},"end":{"line":55,"column":56}},"20":{"start":{"line":57,"column":4},"end":{"line":57,"column":49}},"21":{"start":{"line":58,"column":4},"end":{"line":67,"column":7}},"22":{"start":{"line":69,"column":4},"end":{"line":71,"column":7}},"23":{"start":{"line":72,"column":4},"end":{"line":72,"column":54}},"24":{"start":{"line":76,"column":39},"end":{"line":111,"column":1}},"25":{"start":{"line":77,"column":20},"end":{"line":77,"column":28}},"26":{"start":{"line":79,"column":2},"end":{"line":110,"column":3}},"27":{"start":{"line":80,"column":17},"end":{"line":80,"column":44}},"28":{"start":{"line":81,"column":4},"end":{"line":84,"column":5}},"29":{"start":{"line":82,"column":6},"end":{"line":82,"column":62}},"30":{"start":{"line":83,"column":6},"end":{"line":83,"column":65}},"31":{"start":{"line":86,"column":4},"end":{"line":89,"column":5}},"32":{"start":{"line":87,"column":6},"end":{"line":87,"column":71}},"33":{"start":{"line":88,"column":6},"end":{"line":88,"column":73}},"34":{"start":{"line":91,"column":30},"end":{"line":91,"column":57}},"35":{"start":{"line":92,"column":28},"end":{"line":92,"column":58}},"36":{"start":{"line":94,"column":4},"end":{"line":94,"column":83}},"37":{"start":{"line":96,"column":28},"end":{"line":98,"column":7}},"38":{"start":{"line":100,"column":4},"end":{"line":100,"column":40}},"39":{"start":{"line":101,"column":4},"end":{"line":101,"column":61}},"40":{"start":{"line":103,"column":4},"end":{"line":103,"column":58}},"41":{"start":{"line":104,"column":4},"end":{"line":104,"column":106}},"42":{"start":{"line":106,"column":4},"end":{"line":108,"column":7}},"43":{"start":{"line":109,"column":4},"end":{"line":109,"column":54}},"44":{"start":{"line":113,"column":28},"end":{"line":152,"column":1}},"45":{"start":{"line":114,"column":23},"end":{"line":114,"column":48}},"46":{"start":{"line":116,"column":2},"end":{"line":119,"column":3}},"47":{"start":{"line":117,"column":4},"end":{"line":117,"column":41}},"48":{"start":{"line":118,"column":4},"end":{"line":118,"column":74}},"49":{"start":{"line":121,"column":2},"end":{"line":151,"column":3}},"50":{"start":{"line":122,"column":20},"end":{"line":122,"column":78}},"51":{"start":{"line":124,"column":27},"end":{"line":128,"column":5}},"52":{"start":{"line":130,"column":28},"end":{"line":134,"column":5}},"53":{"start":{"line":136,"column":19},"end":{"line":136,"column":32}},"54":{"start":{"line":138,"column":4},"end":{"line":144,"column":7}},"55":{"start":{"line":146,"column":4},"end":{"line":146,"column":56}},"56":{"start":{"line":147,"column":4},"end":{"line":147,"column":58}},"57":{"start":{"line":149,"column":4},"end":{"line":149,"column":82}},"58":{"start":{"line":150,"column":4},"end":{"line":150,"column":63}},"59":{"start":{"line":154,"column":27},"end":{"line":176,"column":1}},"60":{"start":{"line":155,"column":2},"end":{"line":175,"column":3}},"61":{"start":{"line":156,"column":19},"end":{"line":156,"column":31}},"62":{"start":{"line":158,"column":4},"end":{"line":161,"column":5}},"63":{"start":{"line":159,"column":6},"end":{"line":159,"column":52}},"64":{"start":{"line":160,"column":6},"end":{"line":160,"column":77}},"65":{"start":{"line":163,"column":19},"end":{"line":163,"column":83}},"66":{"start":{"line":165,"column":4},"end":{"line":168,"column":5}},"67":{"start":{"line":166,"column":6},"end":{"line":166,"column":47}},"68":{"start":{"line":167,"column":6},"end":{"line":167,"column":65}},"69":{"start":{"line":170,"column":4},"end":{"line":170,"column":48}},"70":{"start":{"line":171,"column":4},"end":{"line":171,"column":34}},"71":{"start":{"line":173,"column":4},"end":{"line":173,"column":80}},"72":{"start":{"line":174,"column":4},"end":{"line":174,"column":63}},"73":{"start":{"line":178,"column":26},"end":{"line":182,"column":1}},"74":{"start":{"line":179,"column":2},"end":{"line":179,"column":83}},"75":{"start":{"line":180,"column":2},"end":{"line":180,"column":86}},"76":{"start":{"line":181,"column":2},"end":{"line":181,"column":50}}},"fnMap":{"0":{"name":"(anonymous_0)","decl":{"start":{"line":15,"column":20},"end":{"line":15,"column":21}},"loc":{"start":{"line":16,"column":2},"end":{"line":16,"column":77}},"line":16},"1":{"name":"(anonymous_1)","decl":{"start":{"line":18,"column":34},"end":{"line":18,"column":35}},"loc":{"start":{"line":18,"column":40},"end":{"line":18,"column":48}},"line":18},"2":{"name":"(anonymous_2)","decl":{"start":{"line":20,"column":28},"end":{"line":20,"column":29}},"loc":{"start":{"line":20,"column":48},"end":{"line":74,"column":1}},"line":20},"3":{"name":"(anonymous_3)","decl":{"start":{"line":76,"column":39},"end":{"line":76,"column":40}},"loc":{"start":{"line":76,"column":59},"end":{"line":111,"column":1}},"line":76},"4":{"name":"(anonymous_4)","decl":{"start":{"line":113,"column":28},"end":{"line":113,"column":29}},"loc":{"start":{"line":113,"column":42},"end":{"line":152,"column":1}},"line":113},"5":{"name":"(anonymous_5)","decl":{"start":{"line":154,"column":27},"end":{"line":154,"column":28}},"loc":{"start":{"line":154,"column":47},"end":{"line":176,"column":1}},"line":154},"6":{"name":"(anonymous_6)","decl":{"start":{"line":178,"column":26},"end":{"line":178,"column":27}},"loc":{"start":{"line":178,"column":40},"end":{"line":182,"column":1}},"line":178}},"branchMap":{"0":{"loc":{"start":{"line":16,"column":2},"end":{"line":16,"column":77}},"type":"binary-expr","locations":[{"start":{"line":16,"column":2},"end":{"line":16,"column":39}},{"start":{"line":16,"column":43},"end":{"line":16,"column":77}}],"line":16},"1":{"loc":{"start":{"line":24,"column":2},"end":{"line":28,"column":3}},"type":"if","locations":[{"start":{"line":24,"column":2},"end":{"line":28,"column":3}},{"start":{},"end":{}}],"line":24},"2":{"loc":{"start":{"line":24,"column":6},"end":{"line":24,"column":47}},"type":"binary-expr","locations":[{"start":{"line":24,"column":6},"end":{"line":24,"column":19}},{"start":{"line":24,"column":23},"end":{"line":24,"column":47}}],"line":24},"3":{"loc":{"start":{"line":32,"column":4},"end":{"line":35,"column":5}},"type":"if","locations":[{"start":{"line":32,"column":4},"end":{"line":35,"column":5}},{"start":{},"end":{}}],"line":32},"4":{"loc":{"start":{"line":81,"column":4},"end":{"line":84,"column":5}},"type":"if","locations":[{"start":{"line":81,"column":4},"end":{"line":84,"column":5}},{"start":{},"end":{}}],"line":81},"5":{"loc":{"start":{"line":86,"column":4},"end":{"line":89,"column":5}},"type":"if","locations":[{"start":{"line":86,"column":4},"end":{"line":89,"column":5}},{"start":{},"end":{}}],"line":86},"6":{"loc":{"start":{"line":116,"column":2},"end":{"line":119,"column":3}},"type":"if","locations":[{"start":{"line":116,"column":2},"end":{"line":119,"column":3}},{"start":{},"end":{}}],"line":116},"7":{"loc":{"start":{"line":141,"column":16},"end":{"line":141,"column":39}},"type":"cond-expr","locations":[{"start":{"line":141,"column":25},"end":{"line":141,"column":31}},{"start":{"line":141,"column":34},"end":{"line":141,"column":39}}],"line":141},"8":{"loc":{"start":{"line":158,"column":4},"end":{"line":161,"column":5}},"type":"if","locations":[{"start":{"line":158,"column":4},"end":{"line":161,"column":5}},{"start":{},"end":{}}],"line":158},"9":{"loc":{"start":{"line":165,"column":4},"end":{"line":168,"column":5}},"type":"if","locations":[{"start":{"line":165,"column":4},"end":{"line":168,"column":5}},{"start":{},"end":{}}],"line":165}},"s":{"0":2,"1":0,"2":2,"3":0,"4":2,"5":1,"6":1,"7":1,"8":0,"9":1,"10":1,"11":1,"12":0,"13":0,"14":1,"15":1,"16":1,"17":1,"18":1,"19":1,"20":1,"21":1,"22":0,"23":0,"24":2,"25":0,"26":0,"27":0,"28":0,"29":0,"30":0,"31":0,"32":0,"33":0,"34":0,"35":0,"36":0,"37":0,"38":0,"39":0,"40":0,"41":0,"42":0,"43":0,"44":2,"45":0,"46":0,"47":0,"48":0,"49":0,"50":0,"51":0,"52":0,"53":0,"54":0,"55":0,"56":0,"57":0,"58":0,"59":2,"60":0,"61":0,"62":0,"63":0,"64":0,"65":0,"66":0,"67":0,"68":0,"69":0,"70":0,"71":0,"72":0,"73":2,"74":0,"75":0,"76":0},"f":{"0":0,"1":0,"2":1,"3":0,"4":0,"5":0,"6":0},"b":{"0":[0,0],"1":[0,1],"2":[1,0],"3":[0,1],"4":[0,0],"5":[0,0],"6":[0,0],"7":[0,0],"8":[0,0],"9":[0,0]},"_coverageSchema":"1a1c01bbd47fc00a2c39e90264f33305004495a9","hash":"c1f04a308bac75d226f6e8a899bc4558f54b459d"}
,"/mnt/c/Users/eliz0/OneDrive/Bureau/Savorly/backend/controllers/categoryController.js": {"path":"/mnt/c/Users/eliz0/OneDrive/Bureau/Savorly/backend/controllers/categoryController.js","statementMap":{"0":{"start":{"line":3,"column":31},"end":{"line":13,"column":1}},"1":{"start":{"line":4,"column":2},"end":{"line":12,"column":3}},"2":{"start":{"line":5,"column":4},"end":{"line":5,"column":43}},"3":{"start":{"line":6,"column":23},"end":{"line":6,"column":47}},"4":{"start":{"line":7,"column":4},"end":{"line":7,"column":51}},"5":{"start":{"line":8,"column":4},"end":{"line":8,"column":37}},"6":{"start":{"line":10,"column":4},"end":{"line":10,"column":61}},"7":{"start":{"line":11,"column":4},"end":{"line":11,"column":67}},"8":{"start":{"line":16,"column":37},"end":{"line":32,"column":1}},"9":{"start":{"line":17,"column":19},"end":{"line":17,"column":27}},"10":{"start":{"line":18,"column":2},"end":{"line":21,"column":3}},"11":{"start":{"line":19,"column":4},"end":{"line":19,"column":57}},"12":{"start":{"line":20,"column":4},"end":{"line":20,"column":65}},"13":{"start":{"line":23,"column":2},"end":{"line":31,"column":3}},"14":{"start":{"line":24,"column":4},"end":{"line":24,"column":56}},"15":{"start":{"line":25,"column":21},"end":{"line":25,"column":47}},"16":{"start":{"line":26,"column":4},"end":{"line":26,"column":49}},"17":{"start":{"line":27,"column":4},"end":{"line":27,"column":35}},"18":{"start":{"line":29,"column":4},"end":{"line":29,"column":59}},"19":{"start":{"line":30,"column":4},"end":{"line":30,"column":51}},"20":{"start":{"line":34,"column":33},"end":{"line":50,"column":1}},"21":{"start":{"line":35,"column":17},"end":{"line":35,"column":27}},"22":{"start":{"line":37,"column":2},"end":{"line":49,"column":3}},"23":{"start":{"line":38,"column":4},"end":{"line":38,"column":52}},"24":{"start":{"line":39,"column":21},"end":{"line":39,"column":46}},"25":{"start":{"line":40,"column":4},"end":{"line":43,"column":5}},"26":{"start":{"line":41,"column":6},"end":{"line":41,"column":55}},"27":{"start":{"line":42,"column":6},"end":{"line":42,"column":69}},"28":{"start":{"line":44,"column":4},"end":{"line":44,"column":49}},"29":{"start":{"line":45,"column":4},"end":{"line":45,"column":35}},"30":{"start":{"line":47,"column":4},"end":{"line":47,"column":59}},"31":{"start":{"line":48,"column":4},"end":{"line":48,"column":65}}},"fnMap":{"0":{"name":"(anonymous_0)","decl":{"start":{"line":3,"column":31},"end":{"line":3,"column":32}},"loc":{"start":{"line":3,"column":51},"end":{"line":13,"column":1}},"line":3},"1":{"name":"(anonymous_1)","decl":{"start":{"line":16,"column":37},"end":{"line":16,"column":38}},"loc":{"start":{"line":16,"column":57},"end":{"line":32,"column":1}},"line":16},"2":{"name":"(anonymous_2)","decl":{"start":{"line":34,"column":33},"end":{"line":34,"column":34}},"loc":{"start":{"line":34,"column":53},"end":{"line":50,"column":1}},"line":34}},"branchMap":{"0":{"loc":{"start":{"line":18,"column":2},"end":{"line":21,"column":3}},"type":"if","locations":[{"start":{"line":18,"column":2},"end":{"line":21,"column":3}},{"start":{},"end":{}}],"line":18},"1":{"loc":{"start":{"line":40,"column":4},"end":{"line":43,"column":5}},"type":"if","locations":[{"start":{"line":40,"column":4},"end":{"line":43,"column":5}},{"start":{},"end":{}}],"line":40}},"s":{"0":2,"1":0,"2":0,"3":0,"4":0,"5":0,"6":0,"7":0,"8":2,"9":0,"10":0,"11":0,"12":0,"13":0,"14":0,"15":0,"16":0,"17":0,"18":0,"19":0,"20":2,"21":0,"22":0,"23":0,"24":0,"25":0,"26":0,"27":0,"28":0,"29":0,"30":0,"31":0},"f":{"0":0,"1":0,"2":0},"b":{"0":[0,0],"1":[0,0]},"_coverageSchema":"1a1c01bbd47fc00a2c39e90264f33305004495a9","hash":"c6dbf8ecd18aff6a87868a32c6306ac5a66b57e6"}
,"/mnt/c/Users/eliz0/OneDrive/Bureau/Savorly/backend/controllers/loginController.js": {"path":"/mnt/c/Users/eliz0/OneDrive/Bureau/Savorly/backend/controllers/loginController.js","statementMap":{"0":{"start":{"line":7,"column":25},"end":{"line":77,"column":1}},"1":{"start":{"line":8,"column":30},"end":{"line":8,"column":38}},"2":{"start":{"line":9,"column":2},"end":{"line":9,"column":39}},"3":{"start":{"line":12,"column":2},"end":{"line":76,"column":3}},"4":{"start":{"line":13,"column":17},"end":{"line":13,"column":44}},"5":{"start":{"line":14,"column":4},"end":{"line":14,"column":39}},"6":{"start":{"line":17,"column":4},"end":{"line":20,"column":5}},"7":{"start":{"line":18,"column":6},"end":{"line":18,"column":69}},"8":{"start":{"line":19,"column":6},"end":{"line":19,"column":65}},"9":{"start":{"line":22,"column":28},"end":{"line":22,"column":78}},"10":{"start":{"line":23,"column":4},"end":{"line":26,"column":5}},"11":{"start":{"line":24,"column":6},"end":{"line":24,"column":66}},"12":{"start":{"line":25,"column":6},"end":{"line":25,"column":70}},"13":{"start":{"line":28,"column":4},"end":{"line":31,"column":5}},"14":{"start":{"line":29,"column":6},"end":{"line":29,"column":62}},"15":{"start":{"line":30,"column":6},"end":{"line":30,"column":93}},"16":{"start":{"line":33,"column":24},"end":{"line":37,"column":5}},"17":{"start":{"line":39,"column":25},"end":{"line":43,"column":5}},"18":{"start":{"line":45,"column":19},"end":{"line":45,"column":36}},"19":{"start":{"line":46,"column":26},"end":{"line":46,"column":64}},"20":{"start":{"line":47,"column":21},"end":{"line":47,"column":75}},"21":{"start":{"line":49,"column":4},"end":{"line":55,"column":7}},"22":{"start":{"line":57,"column":4},"end":{"line":57,"column":55}},"23":{"start":{"line":59,"column":4},"end":{"line":59,"column":44}},"24":{"start":{"line":61,"column":4},"end":{"line":71,"column":7}},"25":{"start":{"line":73,"column":4},"end":{"line":73,"column":41}},"26":{"start":{"line":74,"column":4},"end":{"line":74,"column":87}},"27":{"start":{"line":75,"column":4},"end":{"line":75,"column":54}}},"fnMap":{"0":{"name":"(anonymous_0)","decl":{"start":{"line":7,"column":25},"end":{"line":7,"column":26}},"loc":{"start":{"line":7,"column":45},"end":{"line":77,"column":1}},"line":7}},"branchMap":{"0":{"loc":{"start":{"line":17,"column":4},"end":{"line":20,"column":5}},"type":"if","locations":[{"start":{"line":17,"column":4},"end":{"line":20,"column":5}},{"start":{},"end":{}}],"line":17},"1":{"loc":{"start":{"line":23,"column":4},"end":{"line":26,"column":5}},"type":"if","locations":[{"start":{"line":23,"column":4},"end":{"line":26,"column":5}},{"start":{},"end":{}}],"line":23},"2":{"loc":{"start":{"line":28,"column":4},"end":{"line":31,"column":5}},"type":"if","locations":[{"start":{"line":28,"column":4},"end":{"line":31,"column":5}},{"start":{},"end":{}}],"line":28},"3":{"loc":{"start":{"line":46,"column":26},"end":{"line":46,"column":64}},"type":"binary-expr","locations":[{"start":{"line":46,"column":26},"end":{"line":46,"column":32}},{"start":{"line":46,"column":36},"end":{"line":46,"column":64}}],"line":46},"4":{"loc":{"start":{"line":47,"column":21},"end":{"line":47,"column":75}},"type":"binary-expr","locations":[{"start":{"line":47,"column":21},"end":{"line":47,"column":34}},{"start":{"line":47,"column":38},"end":{"line":47,"column":75}}],"line":47},"5":{"loc":{"start":{"line":52,"column":16},"end":{"line":52,"column":41}},"type":"cond-expr","locations":[{"start":{"line":52,"column":27},"end":{"line":52,"column":33}},{"start":{"line":52,"column":36},"end":{"line":52,"column":41}}],"line":52}},"s":{"0":2,"1":2,"2":2,"3":2,"4":2,"5":2,"6":2,"7":0,"8":0,"9":2,"10":2,"11":1,"12":1,"13":1,"14":0,"15":0,"16":1,"17":1,"18":1,"19":1,"20":1,"21":1,"22":1,"23":1,"24":1,"25":0,"26":0,"27":0},"f":{"0":2},"b":{"0":[0,2],"1":[1,1],"2":[0,1],"3":[1,0],"4":[1,1],"5":[0,1]},"_coverageSchema":"1a1c01bbd47fc00a2c39e90264f33305004495a9","hash":"e866eb76d8198711ddf243a68c3a1fe5e7efaea9"}
,"/mnt/c/Users/eliz0/OneDrive/Bureau/Savorly/backend/controllers/profileController.js": {"path":"/mnt/c/Users/eliz0/OneDrive/Bureau/Savorly/backend/controllers/profileController.js","statementMap":{"0":{"start":{"line":3,"column":30},"end":{"line":15,"column":1}},"1":{"start":{"line":4,"column":17},"end":{"line":4,"column":29}},"2":{"start":{"line":6,"column":2},"end":{"line":14,"column":3}},"3":{"start":{"line":7,"column":24},"end":{"line":7,"column":56}},"4":{"start":{"line":8,"column":4},"end":{"line":10,"column":5}},"5":{"start":{"line":9,"column":6},"end":{"line":9,"column":68}},"6":{"start":{"line":11,"column":4},"end":{"line":11,"column":38}},"7":{"start":{"line":13,"column":4},"end":{"line":13,"column":70}},"8":{"start":{"line":17,"column":33},"end":{"line":39,"column":1}},"9":{"start":{"line":18,"column":17},"end":{"line":18,"column":29}},"10":{"start":{"line":19,"column":53},"end":{"line":19,"column":61}},"11":{"start":{"line":22,"column":2},"end":{"line":22,"column":91}},"12":{"start":{"line":22,"column":15},"end":{"line":22,"column":91}},"13":{"start":{"line":23,"column":2},"end":{"line":23,"column":103}},"14":{"start":{"line":23,"column":38},"end":{"line":23,"column":103}},"15":{"start":{"line":24,"column":2},"end":{"line":24,"column":124}},"16":{"start":{"line":24,"column":52},"end":{"line":24,"column":124}},"17":{"start":{"line":26,"column":2},"end":{"line":38,"column":3}},"18":{"start":{"line":27,"column":31},"end":{"line":32,"column":5}},"19":{"start":{"line":34,"column":4},"end":{"line":34,"column":52}},"20":{"start":{"line":35,"column":4},"end":{"line":35,"column":58}},"21":{"start":{"line":37,"column":4},"end":{"line":37,"column":77}},"22":{"start":{"line":41,"column":28},"end":{"line":55,"column":1}},"23":{"start":{"line":42,"column":2},"end":{"line":42,"column":78}},"24":{"start":{"line":42,"column":17},"end":{"line":42,"column":78}},"25":{"start":{"line":44,"column":27},"end":{"line":44,"column":67}},"26":{"start":{"line":45,"column":2},"end":{"line":47,"column":3}},"27":{"start":{"line":46,"column":4},"end":{"line":46,"column":66}},"28":{"start":{"line":49,"column":2},"end":{"line":54,"column":3}},"29":{"start":{"line":50,"column":19},"end":{"line":50,"column":70}},"30":{"start":{"line":51,"column":4},"end":{"line":51,"column":55}},"31":{"start":{"line":53,"column":4},"end":{"line":53,"column":93}}},"fnMap":{"0":{"name":"(anonymous_0)","decl":{"start":{"line":3,"column":30},"end":{"line":3,"column":31}},"loc":{"start":{"line":3,"column":50},"end":{"line":15,"column":1}},"line":3},"1":{"name":"(anonymous_1)","decl":{"start":{"line":17,"column":33},"end":{"line":17,"column":34}},"loc":{"start":{"line":17,"column":53},"end":{"line":39,"column":1}},"line":17},"2":{"name":"(anonymous_2)","decl":{"start":{"line":41,"column":28},"end":{"line":41,"column":29}},"loc":{"start":{"line":41,"column":48},"end":{"line":55,"column":1}},"line":41}},"branchMap":{"0":{"loc":{"start":{"line":8,"column":4},"end":{"line":10,"column":5}},"type":"if","locations":[{"start":{"line":8,"column":4},"end":{"line":10,"column":5}},{"start":{},"end":{}}],"line":8},"1":{"loc":{"start":{"line":22,"column":2},"end":{"line":22,"column":91}},"type":"if","locations":[{"start":{"line":22,"column":2},"end":{"line":22,"column":91}},{"start":{},"end":{}}],"line":22},"2":{"loc":{"start":{"line":23,"column":2},"end":{"line":23,"column":103}},"type":"if","locations":[{"start":{"line":23,"column":2},"end":{"line":23,"column":103}},{"start":{},"end":{}}],"line":23},"3":{"loc":{"start":{"line":23,"column":6},"end":{"line":23,"column":36}},"type":"binary-expr","locations":[{"start":{"line":23,"column":6},"end":{"line":23,"column":9}},{"start":{"line":23,"column":13},"end":{"line":23,"column":36}}],"line":23},"4":{"loc":{"start":{"line":24,"column":2},"end":{"line":24,"column":124}},"type":"if","locations":[{"start":{"line":24,"column":2},"end":{"line":24,"column":124}},{"start":{},"end":{}}],"line":24},"5":{"loc":{"start":{"line":24,"column":6},"end":{"line":24,"column":50}},"type":"binary-expr","locations":[{"start":{"line":24,"column":6},"end":{"line":24,"column":16}},{"start":{"line":24,"column":20},"end":{"line":24,"column":50}}],"line":24},"6":{"loc":{"start":{"line":28,"column":18},"end":{"line":28,"column":34}},"type":"binary-expr","locations":[{"start":{"line":28,"column":18},"end":{"line":28,"column":28}},{"start":{"line":28,"column":32},"end":{"line":28,"column":34}}],"line":28},"7":{"loc":{"start":{"line":29,"column":17},"end":{"line":29,"column":32}},"type":"binary-expr","locations":[{"start":{"line":29,"column":17},"end":{"line":29,"column":26}},{"start":{"line":29,"column":30},"end":{"line":29,"column":32}}],"line":29},"8":{"loc":{"start":{"line":30,"column":11},"end":{"line":30,"column":20}},"type":"binary-expr","locations":[{"start":{"line":30,"column":11},"end":{"line":30,"column":14}},{"start":{"line":30,"column":18},"end":{"line":30,"column":20}}],"line":30},"9":{"loc":{"start":{"line":31,"column":18},"end":{"line":31,"column":82}},"type":"binary-expr","locations":[{"start":{"line":31,"column":18},"end":{"line":31,"column":28}},{"start":{"line":31,"column":32},"end":{"line":31,"column":82}}],"line":31},"10":{"loc":{"start":{"line":42,"column":2},"end":{"line":42,"column":78}},"type":"if","locations":[{"start":{"line":42,"column":2},"end":{"line":42,"column":78}},{"start":{},"end":{}}],"line":42},"11":{"loc":{"start":{"line":45,"column":2},"end":{"line":47,"column":3}},"type":"if","locations":[{"start":{"line":45,"column":2},"end":{"line":47,"column":3}},{"start":{},"end":{}}],"line":45}},"s":{"0":2,"1":0,"2":0,"3":0,"4":0,"5":0,"6":0,"7":0,"8":2,"9":0,"10":0,"11":0,"12":0,"13":0,"14":0,"15":0,"16":0,"17":0,"18":0,"19":0,"20":0,"21":0,"22":2,"23":0,"24":0,"25":0,"26":0,"27":0,"28":0,"29":0,"30":0,"31":0},"f":{"0":0,"1":0,"2":0},"b":{"0":[0,0],"1":[0,0],"2":[0,0],"3":[0,0],"4":[0,0],"5":[0,0],"6":[0,0],"7":[0,0],"8":[0,0],"9":[0,0],"10":[0,0],"11":[0,0]},"_coverageSchema":"1a1c01bbd47fc00a2c39e90264f33305004495a9","hash":"7ee4b3270e1da129f2cc8705e4bed7b65367b5d9"}
,"/mnt/c/Users/eliz0/OneDrive/Bureau/Savorly/backend/controllers/recipeController.js": {"path":"/mnt/c/Users/eliz0/OneDrive/Bureau/Savorly/backend/controllers/recipeController.js","statementMap":{"0":{"start":{"line":28,"column":28},"end":{"line":77,"column":1}},"1":{"start":{"line":29,"column":88},"end":{"line":29,"column":96}},"2":{"start":{"line":30,"column":17},"end":{"line":30,"column":28}},"3":{"start":{"line":32,"column":2},"end":{"line":35,"column":3}},"4":{"start":{"line":33,"column":4},"end":{"line":33,"column":48}},"5":{"start":{"line":34,"column":4},"end":{"line":34,"column":83}},"6":{"start":{"line":37,"column":2},"end":{"line":76,"column":3}},"7":{"start":{"line":38,"column":27},"end":{"line":60,"column":5}},"8":{"start":{"line":39,"column":6},"end":{"line":39,"column":58}},"9":{"start":{"line":40,"column":21},"end":{"line":40,"column":105}},"10":{"start":{"line":42,"column":6},"end":{"line":45,"column":7}},"11":{"start":{"line":43,"column":8},"end":{"line":43,"column":61}},"12":{"start":{"line":44,"column":8},"end":{"line":44,"column":68}},"13":{"start":{"line":46,"column":6},"end":{"line":49,"column":7}},"14":{"start":{"line":47,"column":8},"end":{"line":47,"column":59}},"15":{"start":{"line":48,"column":8},"end":{"line":48,"column":67}},"16":{"start":{"line":51,"column":25},"end":{"line":56,"column":7}},"17":{"start":{"line":58,"column":6},"end":{"line":58,"column":71}},"18":{"start":{"line":59,"column":6},"end":{"line":59,"column":39}},"19":{"start":{"line":62,"column":4},"end":{"line":72,"column":5}},"20":{"start":{"line":63,"column":6},"end":{"line":69,"column":7}},"21":{"start":{"line":64,"column":29},"end":{"line":64,"column":81}},"22":{"start":{"line":65,"column":8},"end":{"line":65,"column":54}},"23":{"start":{"line":67,"column":8},"end":{"line":67,"column":66}},"24":{"start":{"line":68,"column":8},"end":{"line":68,"column":98}},"25":{"start":{"line":71,"column":6},"end":{"line":71,"column":33}},"26":{"start":{"line":74,"column":4},"end":{"line":74,"column":60}},"27":{"start":{"line":75,"column":4},"end":{"line":75,"column":85}},"28":{"start":{"line":80,"column":28},"end":{"line":118,"column":1}},"29":{"start":{"line":81,"column":17},"end":{"line":81,"column":27}},"30":{"start":{"line":82,"column":63},"end":{"line":82,"column":71}},"31":{"start":{"line":84,"column":2},"end":{"line":87,"column":3}},"32":{"start":{"line":85,"column":4},"end":{"line":85,"column":64}},"33":{"start":{"line":86,"column":4},"end":{"line":86,"column":88}},"34":{"start":{"line":89,"column":2},"end":{"line":117,"column":3}},"35":{"start":{"line":90,"column":26},"end":{"line":101,"column":5}},"36":{"start":{"line":91,"column":6},"end":{"line":91,"column":52}},"37":{"start":{"line":92,"column":22},"end":{"line":92,"column":102}},"38":{"start":{"line":94,"column":6},"end":{"line":100,"column":7}},"39":{"start":{"line":95,"column":8},"end":{"line":95,"column":66}},"40":{"start":{"line":96,"column":8},"end":{"line":96,"column":67}},"41":{"start":{"line":98,"column":8},"end":{"line":98,"column":60}},"42":{"start":{"line":99,"column":8},"end":{"line":99,"column":66}},"43":{"start":{"line":103,"column":4},"end":{"line":113,"column":5}},"44":{"start":{"line":104,"column":6},"end":{"line":110,"column":7}},"45":{"start":{"line":105,"column":29},"end":{"line":105,"column":81}},"46":{"start":{"line":106,"column":8},"end":{"line":106,"column":53}},"47":{"start":{"line":108,"column":8},"end":{"line":108,"column":66}},"48":{"start":{"line":109,"column":8},"end":{"line":109,"column":98}},"49":{"start":{"line":112,"column":6},"end":{"line":112,"column":32}},"50":{"start":{"line":115,"column":4},"end":{"line":115,"column":60}},"51":{"start":{"line":116,"column":4},"end":{"line":116,"column":85}},"52":{"start":{"line":122,"column":29},"end":{"line":142,"column":1}},"53":{"start":{"line":123,"column":2},"end":{"line":141,"column":3}},"54":{"start":{"line":124,"column":19},"end":{"line":124,"column":48}},"55":{"start":{"line":125,"column":4},"end":{"line":128,"column":5}},"56":{"start":{"line":126,"column":6},"end":{"line":126,"column":64}},"57":{"start":{"line":127,"column":6},"end":{"line":127,"column":67}},"58":{"start":{"line":130,"column":48},"end":{"line":134,"column":6}},"59":{"start":{"line":136,"column":4},"end":{"line":136,"column":60}},"60":{"start":{"line":137,"column":4},"end":{"line":137,"column":75}},"61":{"start":{"line":139,"column":4},"end":{"line":139,"column":90}},"62":{"start":{"line":140,"column":4},"end":{"line":140,"column":83}},"63":{"start":{"line":144,"column":30},"end":{"line":153,"column":1}},"64":{"start":{"line":145,"column":2},"end":{"line":151,"column":3}},"65":{"start":{"line":146,"column":19},"end":{"line":146,"column":30}},"66":{"start":{"line":147,"column":20},"end":{"line":147,"column":46}},"67":{"start":{"line":148,"column":4},"end":{"line":148,"column":33}},"68":{"start":{"line":150,"column":4},"end":{"line":150,"column":89}},"69":{"start":{"line":156,"column":28},"end":{"line":196,"column":1}},"70":{"start":{"line":157,"column":19},"end":{"line":157,"column":32}},"71":{"start":{"line":158,"column":17},"end":{"line":158,"column":28}},"72":{"start":{"line":160,"column":2},"end":{"line":195,"column":3}},"73":{"start":{"line":161,"column":19},"end":{"line":161,"column":85}},"74":{"start":{"line":162,"column":19},"end":{"line":162,"column":26}},"75":{"start":{"line":164,"column":4},"end":{"line":167,"column":5}},"76":{"start":{"line":165,"column":6},"end":{"line":165,"column":59}},"77":{"start":{"line":166,"column":6},"end":{"line":166,"column":67}},"78":{"start":{"line":168,"column":4},"end":{"line":171,"column":5}},"79":{"start":{"line":169,"column":6},"end":{"line":169,"column":80}},"80":{"start":{"line":170,"column":6},"end":{"line":170,"column":63}},"81":{"start":{"line":173,"column":4},"end":{"line":182,"column":5}},"82":{"start":{"line":174,"column":23},"end":{"line":174,"column":63}},"83":{"start":{"line":175,"column":6},"end":{"line":181,"column":7}},"84":{"start":{"line":176,"column":8},"end":{"line":180,"column":11}},"85":{"start":{"line":177,"column":10},"end":{"line":179,"column":11}},"86":{"start":{"line":178,"column":12},"end":{"line":178,"column":83}},"87":{"start":{"line":184,"column":20},"end":{"line":184,"column":42}},"88":{"start":{"line":185,"column":4},"end":{"line":191,"column":5}},"89":{"start":{"line":186,"column":6},"end":{"line":186,"column":70}},"90":{"start":{"line":187,"column":6},"end":{"line":187,"column":64}},"91":{"start":{"line":189,"column":6},"end":{"line":189,"column":67}},"92":{"start":{"line":190,"column":6},"end":{"line":190,"column":57}},"93":{"start":{"line":193,"column":4},"end":{"line":193,"column":87}},"94":{"start":{"line":194,"column":4},"end":{"line":194,"column":76}},"95":{"start":{"line":199,"column":31},"end":{"line":202,"column":1}},"96":{"start":{"line":200,"column":16},"end":{"line":200,"column":48}},"97":{"start":{"line":201,"column":2},"end":{"line":201,"column":33}},"98":{"start":{"line":205,"column":41},"end":{"line":223,"column":1}},"99":{"start":{"line":206,"column":17},"end":{"line":206,"column":27}},"100":{"start":{"line":207,"column":22},"end":{"line":207,"column":30}},"101":{"start":{"line":208,"column":17},"end":{"line":208,"column":28}},"102":{"start":{"line":210,"column":2},"end":{"line":213,"column":3}},"103":{"start":{"line":211,"column":4},"end":{"line":211,"column":35}},"104":{"start":{"line":212,"column":4},"end":{"line":212,"column":68}},"105":{"start":{"line":215,"column":2},"end":{"line":222,"column":3}},"106":{"start":{"line":216,"column":4},"end":{"line":216,"column":50}},"107":{"start":{"line":217,"column":4},"end":{"line":217,"column":53}},"108":{"start":{"line":218,"column":4},"end":{"line":218,"column":55}},"109":{"start":{"line":220,"column":4},"end":{"line":220,"column":84}},"110":{"start":{"line":221,"column":4},"end":{"line":221,"column":83}},"111":{"start":{"line":226,"column":40},"end":{"line":244,"column":1}},"112":{"start":{"line":227,"column":17},"end":{"line":227,"column":27}},"113":{"start":{"line":228,"column":22},"end":{"line":228,"column":30}},"114":{"start":{"line":229,"column":17},"end":{"line":229,"column":28}},"115":{"start":{"line":231,"column":2},"end":{"line":234,"column":3}},"116":{"start":{"line":232,"column":4},"end":{"line":232,"column":61}},"117":{"start":{"line":233,"column":4},"end":{"line":233,"column":67}},"118":{"start":{"line":236,"column":2},"end":{"line":243,"column":3}},"119":{"start":{"line":237,"column":4},"end":{"line":237,"column":49}},"120":{"start":{"line":238,"column":4},"end":{"line":238,"column":52}},"121":{"start":{"line":239,"column":4},"end":{"line":239,"column":54}},"122":{"start":{"line":241,"column":4},"end":{"line":241,"column":83}},"123":{"start":{"line":242,"column":4},"end":{"line":242,"column":82}},"124":{"start":{"line":246,"column":29},"end":{"line":259,"column":1}},"125":{"start":{"line":247,"column":2},"end":{"line":258,"column":3}},"126":{"start":{"line":249,"column":20},"end":{"line":249,"column":22}},"127":{"start":{"line":250,"column":4},"end":{"line":252,"column":5}},"128":{"start":{"line":251,"column":6},"end":{"line":251,"column":48}},"129":{"start":{"line":254,"column":20},"end":{"line":254,"column":45}},"130":{"start":{"line":255,"column":4},"end":{"line":255,"column":34}},"131":{"start":{"line":257,"column":4},"end":{"line":257,"column":86}}},"fnMap":{"0":{"name":"(anonymous_0)","decl":{"start":{"line":28,"column":28},"end":{"line":28,"column":29}},"loc":{"start":{"line":28,"column":48},"end":{"line":77,"column":1}},"line":28},"1":{"name":"(anonymous_1)","decl":{"start":{"line":38,"column":27},"end":{"line":38,"column":28}},"loc":{"start":{"line":38,"column":47},"end":{"line":60,"column":5}},"line":38},"2":{"name":"(anonymous_2)","decl":{"start":{"line":80,"column":28},"end":{"line":80,"column":29}},"loc":{"start":{"line":80,"column":48},"end":{"line":118,"column":1}},"line":80},"3":{"name":"(anonymous_3)","decl":{"start":{"line":90,"column":26},"end":{"line":90,"column":27}},"loc":{"start":{"line":90,"column":46},"end":{"line":101,"column":5}},"line":90},"4":{"name":"(anonymous_4)","decl":{"start":{"line":122,"column":29},"end":{"line":122,"column":30}},"loc":{"start":{"line":122,"column":49},"end":{"line":142,"column":1}},"line":122},"5":{"name":"(anonymous_5)","decl":{"start":{"line":144,"column":30},"end":{"line":144,"column":31}},"loc":{"start":{"line":144,"column":50},"end":{"line":153,"column":1}},"line":144},"6":{"name":"(anonymous_6)","decl":{"start":{"line":156,"column":28},"end":{"line":156,"column":29}},"loc":{"start":{"line":156,"column":48},"end":{"line":196,"column":1}},"line":156},"7":{"name":"(anonymous_7)","decl":{"start":{"line":176,"column":49},"end":{"line":176,"column":50}},"loc":{"start":{"line":176,"column":58},"end":{"line":180,"column":9}},"line":176},"8":{"name":"(anonymous_8)","decl":{"start":{"line":199,"column":31},"end":{"line":199,"column":32}},"loc":{"start":{"line":199,"column":40},"end":{"line":202,"column":1}},"line":199},"9":{"name":"(anonymous_9)","decl":{"start":{"line":205,"column":41},"end":{"line":205,"column":42}},"loc":{"start":{"line":205,"column":61},"end":{"line":223,"column":1}},"line":205},"10":{"name":"(anonymous_10)","decl":{"start":{"line":226,"column":40},"end":{"line":226,"column":41}},"loc":{"start":{"line":226,"column":60},"end":{"line":244,"column":1}},"line":226},"11":{"name":"(anonymous_11)","decl":{"start":{"line":246,"column":29},"end":{"line":246,"column":30}},"loc":{"start":{"line":246,"column":49},"end":{"line":259,"column":1}},"line":246}},"branchMap":{"0":{"loc":{"start":{"line":32,"column":2},"end":{"line":35,"column":3}},"type":"if","locations":[{"start":{"line":32,"column":2},"end":{"line":35,"column":3}},{"start":{},"end":{}}],"line":32},"1":{"loc":{"start":{"line":32,"column":6},"end":{"line":32,"column":28}},"type":"binary-expr","locations":[{"start":{"line":32,"column":6},"end":{"line":32,"column":12}},{"start":{"line":32,"column":16},"end":{"line":32,"column":28}}],"line":32},"2":{"loc":{"start":{"line":42,"column":6},"end":{"line":45,"column":7}},"type":"if","locations":[{"start":{"line":42,"column":6},"end":{"line":45,"column":7}},{"start":{},"end":{}}],"line":42},"3":{"loc":{"start":{"line":46,"column":6},"end":{"line":49,"column":7}},"type":"if","locations":[{"start":{"line":46,"column":6},"end":{"line":49,"column":7}},{"start":{},"end":{}}],"line":46},"4":{"loc":{"start":{"line":62,"column":4},"end":{"line":72,"column":5}},"type":"if","locations":[{"start":{"line":62,"column":4},"end":{"line":72,"column":5}},{"start":{"line":70,"column":11},"end":{"line":72,"column":5}}],"line":62},"5":{"loc":{"start":{"line":84,"column":2},"end":{"line":87,"column":3}},"type":"if","locations":[{"start":{"line":84,"column":2},"end":{"line":87,"column":3}},{"start":{},"end":{}}],"line":84},"6":{"loc":{"start":{"line":84,"column":6},"end":{"line":84,"column":35}},"type":"binary-expr","locations":[{"start":{"line":84,"column":6},"end":{"line":84,"column":9}},{"start":{"line":84,"column":13},"end":{"line":84,"column":19}},{"start":{"line":84,"column":23},"end":{"line":84,"column":35}}],"line":84},"7":{"loc":{"start":{"line":94,"column":6},"end":{"line":100,"column":7}},"type":"if","locations":[{"start":{"line":94,"column":6},"end":{"line":100,"column":7}},{"start":{"line":97,"column":13},"end":{"line":100,"column":7}}],"line":94},"8":{"loc":{"start":{"line":103,"column":4},"end":{"line":113,"column":5}},"type":"if","locations":[{"start":{"line":103,"column":4},"end":{"line":113,"column":5}},{"start":{"line":111,"column":11},"end":{"line":113,"column":5}}],"line":103},"9":{"loc":{"start":{"line":125,"column":4},"end":{"line":128,"column":5}},"type":"if","locations":[{"start":{"line":125,"column":4},"end":{"line":128,"column":5}},{"start":{},"end":{}}],"line":125},"10":{"loc":{"start":{"line":164,"column":4},"end":{"line":167,"column":5}},"type":"if","locations":[{"start":{"line":164,"column":4},"end":{"line":167,"column":5}},{"start":{},"end":{}}],"line":164},"11":{"loc":{"start":{"line":168,"column":4},"end":{"line":171,"column":5}},"type":"if","locations":[{"start":{"line":168,"column":4},"end":{"line":171,"column":5}},{"start":{},"end":{}}],"line":168},"12":{"loc":{"start":{"line":173,"column":4},"end":{"line":182,"column":5}},"type":"if","locations":[{"start":{"line":173,"column":4},"end":{"line":182,"column":5}},{"start":{},"end":{}}],"line":173},"13":{"loc":{"start":{"line":175,"column":6},"end":{"line":181,"column":7}},"type":"if","locations":[{"start":{"line":175,"column":6},"end":{"line":181,"column":7}},{"start":{},"end":{}}],"line":175},"14":{"loc":{"start":{"line":177,"column":10},"end":{"line":179,"column":11}},"type":"if","locations":[{"start":{"line":177,"column":10},"end":{"line":179,"column":11}},{"start":{},"end":{}}],"line":177},"15":{"loc":{"start":{"line":185,"column":4},"end":{"line":191,"column":5}},"type":"if","locations":[{"start":{"line":185,"column":4},"end":{"line":191,"column":5}},{"start":{"line":188,"column":11},"end":{"line":191,"column":5}}],"line":185},"16":{"loc":{"start":{"line":201,"column":9},"end":{"line":201,"column":32}},"type":"cond-expr","locations":[{"start":{"line":201,"column":17},"end":{"line":201,"column":25}},{"start":{"line":201,"column":28},"end":{"line":201,"column":32}}],"line":201},"17":{"loc":{"start":{"line":210,"column":2},"end":{"line":213,"column":3}},"type":"if","locations":[{"start":{"line":210,"column":2},"end":{"line":213,"column":3}},{"start":{},"end":{}}],"line":210},"18":{"loc":{"start":{"line":231,"column":2},"end":{"line":234,"column":3}},"type":"if","locations":[{"start":{"line":231,"column":2},"end":{"line":234,"column":3}},{"start":{},"end":{}}],"line":231},"19":{"loc":{"start":{"line":231,"column":6},"end":{"line":231,"column":62}},"type":"binary-expr","locations":[{"start":{"line":231,"column":6},"end":{"line":231,"column":14}},{"start":{"line":231,"column":18},"end":{"line":231,"column":32}},{"start":{"line":231,"column":36},"end":{"line":231,"column":47}},{"start":{"line":231,"column":51},"end":{"line":231,"column":62}}],"line":231},"20":{"loc":{"start":{"line":250,"column":4},"end":{"line":252,"column":5}},"type":"if","locations":[{"start":{"line":250,"column":4},"end":{"line":252,"column":5}},{"start":{},"end":{}}],"line":250}},"s":{"0":2,"1":0,"2":0,"3":0,"4":0,"5":0,"6":0,"7":0,"8":0,"9":0,"10":0,"11":0,"12":0,"13":0,"14":0,"15":0,"16":0,"17":0,"18":0,"19":0,"20":0,"21":0,"22":0,"23":0,"24":0,"25":0,"26":0,"27":0,"28":2,"29":0,"30":0,"31":0,"32":0,"33":0,"34":0,"35":0,"36":0,"37":0,"38":0,"39":0,"40":0,"41":0,"42":0,"43":0,"44":0,"45":0,"46":0,"47":0,"48":0,"49":0,"50":0,"51":0,"52":2,"53":0,"54":0,"55":0,"56":0,"57":0,"58":0,"59":0,"60":0,"61":0,"62":0,"63":2,"64":0,"65":0,"66":0,"67":0,"68":0,"69":2,"70":0,"71":0,"72":0,"73":0,"74":0,"75":0,"76":0,"77":0,"78":0,"79":0,"80":0,"81":0,"82":0,"83":0,"84":0,"85":0,"86":0,"87":0,"88":0,"89":0,"90":0,"91":0,"92":0,"93":0,"94":0,"95":2,"96":0,"97":0,"98":2,"99":0,"100":0,"101":0,"102":0,"103":0,"104":0,"105":0,"106":0,"107":0,"108":0,"109":0,"110":0,"111":2,"112":0,"113":0,"114":0,"115":0,"116":0,"117":0,"118":0,"119":0,"120":0,"121":0,"122":0,"123":0,"124":2,"125":0,"126":0,"127":0,"128":0,"129":0,"130":0,"131":0},"f":{"0":0,"1":0,"2":0,"3":0,"4":0,"5":0,"6":0,"7":0,"8":0,"9":0,"10":0,"11":0},"b":{"0":[0,0],"1":[0,0],"2":[0,0],"3":[0,0],"4":[0,0],"5":[0,0],"6":[0,0,0],"7":[0,0],"8":[0,0],"9":[0,0],"10":[0,0],"11":[0,0],"12":[0,0],"13":[0,0],"14":[0,0],"15":[0,0],"16":[0,0],"17":[0,0],"18":[0,0],"19":[0,0,0,0],"20":[0,0]},"_coverageSchema":"1a1c01bbd47fc00a2c39e90264f33305004495a9","hash":"aaa2b214f42533137a1643dfeadc335b51e2d2d0"}
,"/mnt/c/Users/eliz0/OneDrive/Bureau/Savorly/backend/controllers/savedRecipesController.js": {"path":"/mnt/c/Users/eliz0/OneDrive/Bureau/Savorly/backend/controllers/savedRecipesController.js","statementMap":{"0":{"start":{"line":8,"column":33},"end":{"line":22,"column":1}},"1":{"start":{"line":9,"column":17},"end":{"line":9,"column":28}},"2":{"start":{"line":10,"column":23},"end":{"line":10,"column":31}},"3":{"start":{"line":12,"column":2},"end":{"line":14,"column":3}},"4":{"start":{"line":13,"column":4},"end":{"line":13,"column":70}},"5":{"start":{"line":16,"column":2},"end":{"line":21,"column":3}},"6":{"start":{"line":17,"column":4},"end":{"line":17,"column":39}},"7":{"start":{"line":18,"column":4},"end":{"line":18,"column":67}},"8":{"start":{"line":20,"column":4},"end":{"line":20,"column":85}},"9":{"start":{"line":24,"column":32},"end":{"line":41,"column":1}},"10":{"start":{"line":25,"column":17},"end":{"line":25,"column":28}},"11":{"start":{"line":26,"column":23},"end":{"line":26,"column":31}},"12":{"start":{"line":28,"column":2},"end":{"line":30,"column":3}},"13":{"start":{"line":29,"column":4},"end":{"line":29,"column":70}},"14":{"start":{"line":32,"column":2},"end":{"line":40,"column":3}},"15":{"start":{"line":33,"column":19},"end":{"line":33,"column":53}},"16":{"start":{"line":34,"column":4},"end":{"line":37,"column":7}},"17":{"start":{"line":39,"column":4},"end":{"line":39,"column":92}},"18":{"start":{"line":43,"column":31},"end":{"line":52,"column":1}},"19":{"start":{"line":44,"column":17},"end":{"line":44,"column":28}},"20":{"start":{"line":46,"column":2},"end":{"line":51,"column":3}},"21":{"start":{"line":47,"column":20},"end":{"line":47,"column":55}},"22":{"start":{"line":48,"column":4},"end":{"line":48,"column":34}},"23":{"start":{"line":50,"column":4},"end":{"line":50,"column":93}},"24":{"start":{"line":55,"column":28},"end":{"line":69,"column":1}},"25":{"start":{"line":56,"column":17},"end":{"line":56,"column":28}},"26":{"start":{"line":57,"column":23},"end":{"line":57,"column":31}},"27":{"start":{"line":59,"column":2},"end":{"line":61,"column":3}},"28":{"start":{"line":60,"column":4},"end":{"line":60,"column":65}},"29":{"start":{"line":63,"column":2},"end":{"line":68,"column":3}},"30":{"start":{"line":64,"column":4},"end":{"line":64,"column":46}},"31":{"start":{"line":65,"column":4},"end":{"line":65,"column":70}},"32":{"start":{"line":67,"column":4},"end":{"line":67,"column":88}}},"fnMap":{"0":{"name":"(anonymous_0)","decl":{"start":{"line":8,"column":33},"end":{"line":8,"column":34}},"loc":{"start":{"line":8,"column":53},"end":{"line":22,"column":1}},"line":8},"1":{"name":"(anonymous_1)","decl":{"start":{"line":24,"column":32},"end":{"line":24,"column":33}},"loc":{"start":{"line":24,"column":52},"end":{"line":41,"column":1}},"line":24},"2":{"name":"(anonymous_2)","decl":{"start":{"line":43,"column":31},"end":{"line":43,"column":32}},"loc":{"start":{"line":43,"column":51},"end":{"line":52,"column":1}},"line":43},"3":{"name":"(anonymous_3)","decl":{"start":{"line":55,"column":28},"end":{"line":55,"column":29}},"loc":{"start":{"line":55,"column":48},"end":{"line":69,"column":1}},"line":55}},"branchMap":{"0":{"loc":{"start":{"line":12,"column":2},"end":{"line":14,"column":3}},"type":"if","locations":[{"start":{"line":12,"column":2},"end":{"line":14,"column":3}},{"start":{},"end":{}}],"line":12},"1":{"loc":{"start":{"line":28,"column":2},"end":{"line":30,"column":3}},"type":"if","locations":[{"start":{"line":28,"column":2},"end":{"line":30,"column":3}},{"start":{},"end":{}}],"line":28},"2":{"loc":{"start":{"line":35,"column":15},"end":{"line":35,"column":63}},"type":"cond-expr","locations":[{"start":{"line":35,"column":30},"end":{"line":35,"column":44}},{"start":{"line":35,"column":47},"end":{"line":35,"column":63}}],"line":35},"3":{"loc":{"start":{"line":59,"column":2},"end":{"line":61,"column":3}},"type":"if","locations":[{"start":{"line":59,"column":2},"end":{"line":61,"column":3}},{"start":{},"end":{}}],"line":59}},"s":{"0":2,"1":0,"2":0,"3":0,"4":0,"5":0,"6":0,"7":0,"8":0,"9":2,"10":0,"11":0,"12":0,"13":0,"14":0,"15":0,"16":0,"17":0,"18":2,"19":0,"20":0,"21":0,"22":0,"23":0,"24":2,"25":0,"26":0,"27":0,"28":0,"29":0,"30":0,"31":0,"32":0},"f":{"0":0,"1":0,"2":0,"3":0},"b":{"0":[0,0],"1":[0,0],"2":[0,0],"3":[0,0]},"_coverageSchema":"1a1c01bbd47fc00a2c39e90264f33305004495a9","hash":"6deec14aafb5a47e2ad8fd9ffbb261f776bad009"}
,"/mnt/c/Users/eliz0/OneDrive/Bureau/Savorly/backend/controllers/verifyEmailController.js": {"path":"/mnt/c/Users/eliz0/OneDrive/Bureau/Savorly/backend/controllers/verifyEmailController.js","statementMap":{"0":{"start":{"line":4,"column":27},"end":{"line":11,"column":1}},"1":{"start":{"line":5,"column":16},"end":{"line":5,"column":101}},"2":{"start":{"line":6,"column":19},"end":{"line":6,"column":54}},"3":{"start":{"line":7,"column":2},"end":{"line":9,"column":3}},"4":{"start":{"line":8,"column":4},"end":{"line":8,"column":79}},"5":{"start":{"line":10,"column":2},"end":{"line":10,"column":16}},"6":{"start":{"line":14,"column":27},"end":{"line":37,"column":1}},"7":{"start":{"line":15,"column":20},"end":{"line":15,"column":29}},"8":{"start":{"line":16,"column":2},"end":{"line":16,"column":51}},"9":{"start":{"line":18,"column":2},"end":{"line":20,"column":3}},"10":{"start":{"line":19,"column":4},"end":{"line":19,"column":82}},"11":{"start":{"line":22,"column":2},"end":{"line":36,"column":3}},"12":{"start":{"line":23,"column":18},"end":{"line":23,"column":153}},"13":{"start":{"line":24,"column":20},"end":{"line":24,"column":54}},"14":{"start":{"line":26,"column":4},"end":{"line":28,"column":5}},"15":{"start":{"line":27,"column":6},"end":{"line":27,"column":95}},"16":{"start":{"line":30,"column":4},"end":{"line":30,"column":42}},"17":{"start":{"line":31,"column":4},"end":{"line":31,"column":108}},"18":{"start":{"line":34,"column":4},"end":{"line":34,"column":51}},"19":{"start":{"line":35,"column":4},"end":{"line":35,"column":83}}},"fnMap":{"0":{"name":"(anonymous_0)","decl":{"start":{"line":4,"column":27},"end":{"line":4,"column":28}},"loc":{"start":{"line":4,"column":45},"end":{"line":11,"column":1}},"line":4},"1":{"name":"(anonymous_1)","decl":{"start":{"line":14,"column":27},"end":{"line":14,"column":28}},"loc":{"start":{"line":14,"column":47},"end":{"line":37,"column":1}},"line":14}},"branchMap":{"0":{"loc":{"start":{"line":7,"column":2},"end":{"line":9,"column":3}},"type":"if","locations":[{"start":{"line":7,"column":2},"end":{"line":9,"column":3}},{"start":{},"end":{}}],"line":7},"1":{"loc":{"start":{"line":18,"column":2},"end":{"line":20,"column":3}},"type":"if","locations":[{"start":{"line":18,"column":2},"end":{"line":20,"column":3}},{"start":{},"end":{}}],"line":18},"2":{"loc":{"start":{"line":26,"column":4},"end":{"line":28,"column":5}},"type":"if","locations":[{"start":{"line":26,"column":4},"end":{"line":28,"column":5}},{"start":{},"end":{}}],"line":26},"3":{"loc":{"start":{"line":26,"column":8},"end":{"line":26,"column":36}},"type":"binary-expr","locations":[{"start":{"line":26,"column":8},"end":{"line":26,"column":14}},{"start":{"line":26,"column":18},"end":{"line":26,"column":36}}],"line":26}},"s":{"0":2,"1":0,"2":0,"3":0,"4":0,"5":0,"6":2,"7":0,"8":0,"9":0,"10":0,"11":0,"12":0,"13":0,"14":0,"15":0,"16":0,"17":0,"18":0,"19":0},"f":{"0":0,"1":0},"b":{"0":[0,0],"1":[0,0],"2":[0,0],"3":[0,0]},"_coverageSchema":"1a1c01bbd47fc00a2c39e90264f33305004495a9","hash":"3c97c1e77275b436e886c1864af292e58dc68763"}
,"/mnt/c/Users/eliz0/OneDrive/Bureau/Savorly/backend/middleware/authenticate.js": {"path":"/mnt/c/Users/eliz0/OneDrive/Bureau/Savorly/backend/middleware/authenticate.js","statementMap":{"0":{"start":{"line":4,"column":28},"end":{"line":38,"column":1}},"1":{"start":{"line":5,"column":2},"end":{"line":5,"column":53}},"2":{"start":{"line":8,"column":2},"end":{"line":8,"column":49}},"3":{"start":{"line":11,"column":16},"end":{"line":11,"column":38}},"4":{"start":{"line":13,"column":2},"end":{"line":16,"column":3}},"5":{"start":{"line":14,"column":4},"end":{"line":14,"column":59}},"6":{"start":{"line":15,"column":4},"end":{"line":15,"column":79}},"7":{"start":{"line":19,"column":2},"end":{"line":37,"column":5}},"8":{"start":{"line":20,"column":4},"end":{"line":23,"column":5}},"9":{"start":{"line":21,"column":6},"end":{"line":21,"column":48}},"10":{"start":{"line":22,"column":6},"end":{"line":22,"column":65}},"11":{"start":{"line":26,"column":4},"end":{"line":30,"column":6}},"12":{"start":{"line":32,"column":4},"end":{"line":32,"column":47}},"13":{"start":{"line":33,"column":4},"end":{"line":33,"column":49}},"14":{"start":{"line":36,"column":4},"end":{"line":36,"column":11}}},"fnMap":{"0":{"name":"(anonymous_0)","decl":{"start":{"line":4,"column":28},"end":{"line":4,"column":29}},"loc":{"start":{"line":4,"column":48},"end":{"line":38,"column":1}},"line":4},"1":{"name":"(anonymous_1)","decl":{"start":{"line":19,"column":44},"end":{"line":19,"column":45}},"loc":{"start":{"line":19,"column":62},"end":{"line":37,"column":3}},"line":19}},"branchMap":{"0":{"loc":{"start":{"line":13,"column":2},"end":{"line":16,"column":3}},"type":"if","locations":[{"start":{"line":13,"column":2},"end":{"line":16,"column":3}},{"start":{},"end":{}}],"line":13},"1":{"loc":{"start":{"line":20,"column":4},"end":{"line":23,"column":5}},"type":"if","locations":[{"start":{"line":20,"column":4},"end":{"line":23,"column":5}},{"start":{},"end":{}}],"line":20}},"s":{"0":2,"1":1,"2":1,"3":1,"4":1,"5":1,"6":1,"7":0,"8":0,"9":0,"10":0,"11":0,"12":0,"13":0,"14":0},"f":{"0":1,"1":0},"b":{"0":[1,0],"1":[0,0]},"_coverageSchema":"1a1c01bbd47fc00a2c39e90264f33305004495a9","hash":"aec005d75b6eeccde7c2ea6556871d4dd33099f3"}
,"/mnt/c/Users/eliz0/OneDrive/Bureau/Savorly/backend/middleware/isAdmin.js": {"path":"/mnt/c/Users/eliz0/OneDrive/Bureau/Savorly/backend/middleware/isAdmin.js","statementMap":{"0":{"start":{"line":2,"column":34},"end":{"line":17,"column":1}},"1":{"start":{"line":3,"column":25},"end":{"line":3,"column":38}},"2":{"start":{"line":5,"column":4},"end":{"line":7,"column":5}},"3":{"start":{"line":6,"column":8},"end":{"line":6,"column":80}},"4":{"start":{"line":9,"column":4},"end":{"line":16,"column":5}},"5":{"start":{"line":10,"column":8},"end":{"line":10,"column":62}},"6":{"start":{"line":11,"column":8},"end":{"line":11,"column":91}},"7":{"start":{"line":12,"column":8},"end":{"line":12,"column":81}},"8":{"start":{"line":14,"column":8},"end":{"line":14,"column":52}},"9":{"start":{"line":15,"column":8},"end":{"line":15,"column":58}},"10":{"start":{"line":19,"column":23},"end":{"line":24,"column":1}},"11":{"start":{"line":20,"column":4},"end":{"line":22,"column":5}},"12":{"start":{"line":21,"column":8},"end":{"line":21,"column":80}},"13":{"start":{"line":23,"column":4},"end":{"line":23,"column":11}}},"fnMap":{"0":{"name":"(anonymous_0)","decl":{"start":{"line":2,"column":34},"end":{"line":2,"column":35}},"loc":{"start":{"line":2,"column":54},"end":{"line":17,"column":1}},"line":2},"1":{"name":"(anonymous_1)","decl":{"start":{"line":19,"column":23},"end":{"line":19,"column":24}},"loc":{"start":{"line":19,"column":43},"end":{"line":24,"column":1}},"line":19}},"branchMap":{"0":{"loc":{"start":{"line":5,"column":4},"end":{"line":7,"column":5}},"type":"if","locations":[{"start":{"line":5,"column":4},"end":{"line":7,"column":5}},{"start":{},"end":{}}],"line":5},"1":{"loc":{"start":{"line":5,"column":8},"end":{"line":5,"column":46}},"type":"binary-expr","locations":[{"start":{"line":5,"column":8},"end":{"line":5,"column":17}},{"start":{"line":5,"column":21},"end":{"line":5,"column":46}}],"line":5},"2":{"loc":{"start":{"line":20,"column":4},"end":{"line":22,"column":5}},"type":"if","locations":[{"start":{"line":20,"column":4},"end":{"line":22,"column":5}},{"start":{},"end":{}}],"line":20}},"s":{"0":2,"1":0,"2":0,"3":0,"4":0,"5":0,"6":0,"7":0,"8":0,"9":0,"10":2,"11":0,"12":0,"13":0},"f":{"0":0,"1":0},"b":{"0":[0,0],"1":[0,0],"2":[0,0]},"_coverageSchema":"1a1c01bbd47fc00a2c39e90264f33305004495a9","hash":"1da07a9386e2487016a74882fb7ffec488829a3d"}
,"/mnt/c/Users/eliz0/OneDrive/Bureau/Savorly/backend/middleware/upload.js": {"path":"/mnt/c/Users/eliz0/OneDrive/Bureau/Savorly/backend/middleware/upload.js","statementMap":{"0":{"start":{"line":5,"column":21},"end":{"line":5,"column":39}},"1":{"start":{"line":6,"column":20},"end":{"line":6,"column":35}},"2":{"start":{"line":8,"column":16},"end":{"line":8,"column":38}},"3":{"start":{"line":10,"column":19},"end":{"line":19,"column":1}},"4":{"start":{"line":11,"column":18},"end":{"line":11,"column":82}},"5":{"start":{"line":12,"column":17},"end":{"line":12,"column":49}},"6":{"start":{"line":14,"column":2},"end":{"line":18,"column":3}},"7":{"start":{"line":15,"column":4},"end":{"line":15,"column":19}},"8":{"start":{"line":17,"column":4},"end":{"line":17,"column":68}},"9":{"start":{"line":21,"column":15},"end":{"line":25,"column":2}}},"fnMap":{"0":{"name":"(anonymous_0)","decl":{"start":{"line":10,"column":19},"end":{"line":10,"column":20}},"loc":{"start":{"line":10,"column":38},"end":{"line":19,"column":1}},"line":10}},"branchMap":{"0":{"loc":{"start":{"line":14,"column":2},"end":{"line":18,"column":3}},"type":"if","locations":[{"start":{"line":14,"column":2},"end":{"line":18,"column":3}},{"start":{"line":16,"column":9},"end":{"line":18,"column":3}}],"line":14},"1":{"loc":{"start":{"line":14,"column":6},"end":{"line":14,"column":23}},"type":"binary-expr","locations":[{"start":{"line":14,"column":6},"end":{"line":14,"column":13}},{"start":{"line":14,"column":17},"end":{"line":14,"column":23}}],"line":14}},"s":{"0":2,"1":2,"2":2,"3":2,"4":0,"5":0,"6":0,"7":0,"8":0,"9":2},"f":{"0":0},"b":{"0":[0,0],"1":[0,0]},"_coverageSchema":"1a1c01bbd47fc00a2c39e90264f33305004495a9","hash":"a6c17786f01f2f651711f0b604ce7c832c360f6f"}
,"/mnt/c/Users/eliz0/OneDrive/Bureau/Savorly/backend/middleware/validateInput.js": {"path":"/mnt/c/Users/eliz0/OneDrive/Bureau/Savorly/backend/middleware/validateInput.js","statementMap":{"0":{"start":{"line":4,"column":32},"end":{"line":21,"column":1}},"1":{"start":{"line":5,"column":19},"end":{"line":11,"column":6}},"2":{"start":{"line":13,"column":22},"end":{"line":13,"column":47}},"3":{"start":{"line":14,"column":4},"end":{"line":14,"column":43}},"4":{"start":{"line":16,"column":4},"end":{"line":19,"column":5}},"5":{"start":{"line":17,"column":8},"end":{"line":17,"column":67}},"6":{"start":{"line":18,"column":8},"end":{"line":18,"column":75}},"7":{"start":{"line":20,"column":4},"end":{"line":20,"column":11}},"8":{"start":{"line":25,"column":29},"end":{"line":38,"column":1}},"9":{"start":{"line":26,"column":19},"end":{"line":29,"column":6}},"10":{"start":{"line":31,"column":22},"end":{"line":31,"column":47}},"11":{"start":{"line":32,"column":4},"end":{"line":32,"column":43}},"12":{"start":{"line":33,"column":4},"end":{"line":36,"column":5}},"13":{"start":{"line":34,"column":6},"end":{"line":34,"column":54}},"14":{"start":{"line":35,"column":6},"end":{"line":35,"column":73}},"15":{"start":{"line":37,"column":4},"end":{"line":37,"column":11}}},"fnMap":{"0":{"name":"(anonymous_0)","decl":{"start":{"line":4,"column":32},"end":{"line":4,"column":33}},"loc":{"start":{"line":4,"column":52},"end":{"line":21,"column":1}},"line":4},"1":{"name":"(anonymous_1)","decl":{"start":{"line":25,"column":29},"end":{"line":25,"column":30}},"loc":{"start":{"line":25,"column":49},"end":{"line":38,"column":1}},"line":25}},"branchMap":{"0":{"loc":{"start":{"line":16,"column":4},"end":{"line":19,"column":5}},"type":"if","locations":[{"start":{"line":16,"column":4},"end":{"line":19,"column":5}},{"start":{},"end":{}}],"line":16},"1":{"loc":{"start":{"line":33,"column":4},"end":{"line":36,"column":5}},"type":"if","locations":[{"start":{"line":33,"column":4},"end":{"line":36,"column":5}},{"start":{},"end":{}}],"line":33}},"s":{"0":2,"1":1,"2":1,"3":1,"4":1,"5":0,"6":0,"7":1,"8":2,"9":2,"10":2,"11":2,"12":2,"13":0,"14":0,"15":2},"f":{"0":1,"1":2},"b":{"0":[0,1],"1":[0,2]},"_coverageSchema":"1a1c01bbd47fc00a2c39e90264f33305004495a9","hash":"053061e6e0cd004b57ec0d7afd18f9af0eff3a2f"}
,"/mnt/c/Users/eliz0/OneDrive/Bureau/Savorly/backend/migrations/runMigrations.js": {"path":"/mnt/c/Users/eliz0/OneDrive/Bureau/Savorly/backend/migrations/runMigrations.js","statementMap":{"0":{"start":{"line":6,"column":18},"end":{"line":6,"column":62}},"1":{"start":{"line":10,"column":17},"end":{"line":13,"column":3}},"2":{"start":{"line":14,"column":2},"end":{"line":14,"column":25}},"3":{"start":{"line":17,"column":22},"end":{"line":60,"column":1}},"4":{"start":{"line":18,"column":2},"end":{"line":59,"column":3}},"5":{"start":{"line":20,"column":20},"end":{"line":20,"column":60}},"6":{"start":{"line":21,"column":14},"end":{"line":21,"column":48}},"7":{"start":{"line":22,"column":4},"end":{"line":22,"column":37}},"8":{"start":{"line":24,"column":26},"end":{"line":24,"column":77}},"9":{"start":{"line":24,"column":58},"end":{"line":24,"column":76}},"10":{"start":{"line":26,"column":4},"end":{"line":29,"column":5}},"11":{"start":{"line":27,"column":6},"end":{"line":27,"column":70}},"12":{"start":{"line":28,"column":6},"end":{"line":28,"column":34}},"13":{"start":{"line":32,"column":4},"end":{"line":37,"column":5}},"14":{"start":{"line":33,"column":6},"end":{"line":35,"column":8}},"15":{"start":{"line":36,"column":6},"end":{"line":36,"column":53}},"16":{"start":{"line":39,"column":4},"end":{"line":44,"column":5}},"17":{"start":{"line":40,"column":6},"end":{"line":42,"column":8}},"18":{"start":{"line":43,"column":6},"end":{"line":43,"column":64}},"19":{"start":{"line":45,"column":4},"end":{"line":48,"column":5}},"20":{"start":{"line":46,"column":6},"end":{"line":46,"column":87}},"21":{"start":{"line":47,"column":6},"end":{"line":47,"column":62}},"22":{"start":{"line":50,"column":4},"end":{"line":53,"column":5}},"23":{"start":{"line":51,"column":6},"end":{"line":51,"column":86}},"24":{"start":{"line":52,"column":6},"end":{"line":52,"column":61}},"25":{"start":{"line":56,"column":4},"end":{"line":56,"column":53}},"26":{"start":{"line":58,"column":4},"end":{"line":58,"column":54}}},"fnMap":{"0":{"name":"columnExists","decl":{"start":{"line":9,"column":15},"end":{"line":9,"column":27}},"loc":{"start":{"line":9,"column":43},"end":{"line":15,"column":1}},"line":9},"1":{"name":"(anonymous_1)","decl":{"start":{"line":17,"column":22},"end":{"line":17,"column":23}},"loc":{"start":{"line":17,"column":34},"end":{"line":60,"column":1}},"line":17},"2":{"name":"(anonymous_2)","decl":{"start":{"line":24,"column":48},"end":{"line":24,"column":49}},"loc":{"start":{"line":24,"column":58},"end":{"line":24,"column":76}},"line":24}},"branchMap":{"0":{"loc":{"start":{"line":32,"column":4},"end":{"line":37,"column":5}},"type":"if","locations":[{"start":{"line":32,"column":4},"end":{"line":37,"column":5}},{"start":{},"end":{}}],"line":32},"1":{"loc":{"start":{"line":39,"column":4},"end":{"line":44,"column":5}},"type":"if","locations":[{"start":{"line":39,"column":4},"end":{"line":44,"column":5}},{"start":{},"end":{}}],"line":39},"2":{"loc":{"start":{"line":45,"column":4},"end":{"line":48,"column":5}},"type":"if","locations":[{"start":{"line":45,"column":4},"end":{"line":48,"column":5}},{"start":{},"end":{}}],"line":45},"3":{"loc":{"start":{"line":50,"column":4},"end":{"line":53,"column":5}},"type":"if","locations":[{"start":{"line":50,"column":4},"end":{"line":53,"column":5}},{"start":{},"end":{}}],"line":50}},"s":{"0":10,"1":40,"2":40,"3":10,"4":10,"5":10,"6":10,"7":10,"8":10,"9":100,"10":10,"11":90,"12":90,"13":10,"14":0,"15":0,"16":10,"17":0,"18":0,"19":10,"20":0,"21":0,"22":10,"23":0,"24":0,"25":10,"26":0},"f":{"0":40,"1":10,"2":100},"b":{"0":[0,10],"1":[0,10],"2":[0,10],"3":[0,10]},"_coverageSchema":"1a1c01bbd47fc00a2c39e90264f33305004495a9","hash":"c178836554a3fb285e04af6082a68bd4769ee215"}
,"/mnt/c/Users/eliz0/OneDrive/Bureau/Savorly/backend/models/admin.js": {"path":"/mnt/c/Users/eliz0/OneDrive/Bureau/Savorly/backend/models/admin.js","statementMap":{"0":{"start":{"line":3,"column":33},"end":{"line":11,"column":3}},"1":{"start":{"line":4,"column":4},"end":{"line":10,"column":5}},"2":{"start":{"line":5,"column":21},"end":{"line":5,"column":99}},"3":{"start":{"line":6,"column":6},"end":{"line":6,"column":18}},"4":{"start":{"line":8,"column":6},"end":{"line":8,"column":52}},"5":{"start":{"line":9,"column":6},"end":{"line":9,"column":65}},"6":{"start":{"line":15,"column":32},"end":{"line":17,"column":1}},"7":{"start":{"line":16,"column":4},"end":{"line":16,"column":61}}},"fnMap":{"0":{"name":"(anonymous_0)","decl":{"start":{"line":3,"column":33},"end":{"line":3,"column":34}},"loc":{"start":{"line":3,"column":45},"end":{"line":11,"column":3}},"line":3},"1":{"name":"(anonymous_1)","decl":{"start":{"line":15,"column":32},"end":{"line":15,"column":33}},"loc":{"start":{"line":15,"column":46},"end":{"line":17,"column":1}},"line":15}},"branchMap":{},"s":{"0":2,"1":0,"2":0,"3":0,"4":0,"5":0,"6":2,"7":0},"f":{"0":0,"1":0},"b":{},"_coverageSchema":"1a1c01bbd47fc00a2c39e90264f33305004495a9","hash":"1cbce88d7745b74ca9b7a29e19387445bfb237b3"}
,"/mnt/c/Users/eliz0/OneDrive/Bureau/Savorly/backend/models/categories.js": {"path":"/mnt/c/Users/eliz0/OneDrive/Bureau/Savorly/backend/models/categories.js","statementMap":{"0":{"start":{"line":5,"column":32},"end":{"line":15,"column":1}},"1":{"start":{"line":6,"column":2},"end":{"line":14,"column":3}},"2":{"start":{"line":7,"column":4},"end":{"line":7,"column":54}},"3":{"start":{"line":8,"column":25},"end":{"line":8,"column":69}},"4":{"start":{"line":9,"column":4},"end":{"line":9,"column":55}},"5":{"start":{"line":10,"column":4},"end":{"line":10,"column":22}},"6":{"start":{"line":12,"column":4},"end":{"line":12,"column":62}},"7":{"start":{"line":13,"column":4},"end":{"line":13,"column":65}},"8":{"start":{"line":18,"column":30},"end":{"line":28,"column":1}},"9":{"start":{"line":19,"column":2},"end":{"line":27,"column":3}},"10":{"start":{"line":20,"column":4},"end":{"line":20,"column":68}},"11":{"start":{"line":21,"column":21},"end":{"line":21,"column":89}},"12":{"start":{"line":22,"column":4},"end":{"line":22,"column":77}},"13":{"start":{"line":23,"column":4},"end":{"line":23,"column":41}},"14":{"start":{"line":25,"column":4},"end":{"line":25,"column":60}},"15":{"start":{"line":26,"column":4},"end":{"line":26,"column":63}},"16":{"start":{"line":31,"column":31},"end":{"line":44,"column":1}},"17":{"start":{"line":32,"column":2},"end":{"line":43,"column":3}},"18":{"start":{"line":33,"column":4},"end":{"line":33,"column":63}},"19":{"start":{"line":34,"column":23},"end":{"line":34,"column":86}},"20":{"start":{"line":35,"column":4},"end":{"line":37,"column":5}},"21":{"start":{"line":36,"column":6},"end":{"line":36,"column":54}},"22":{"start":{"line":38,"column":4},"end":{"line":38,"column":49}},"23":{"start":{"line":39,"column":4},"end":{"line":39,"column":31}},"24":{"start":{"line":41,"column":4},"end":{"line":41,"column":66}},"25":{"start":{"line":42,"column":4},"end":{"line":42,"column":69}}},"fnMap":{"0":{"name":"(anonymous_0)","decl":{"start":{"line":5,"column":32},"end":{"line":5,"column":33}},"loc":{"start":{"line":5,"column":44},"end":{"line":15,"column":1}},"line":5},"1":{"name":"(anonymous_1)","decl":{"start":{"line":18,"column":30},"end":{"line":18,"column":31}
[...]
,"/mnt/c/Users/eliz0/OneDrive/Bureau/Savorly/backend/models/savedRecipes.js": {"path":"/mnt/c/Users/eliz0/OneDrive/Bureau/Savorly/backend/models/savedRecipes.js","statementMap":{"0":{"start":{"line":4,"column":26},"end":{"line":13,"column":1}},"1":{"start":{"line":5,"column":2},"end":{"line":12,"column":3}},"2":{"start":{"line":6,"column":4},"end":{"line":9,"column":6}},"3":{"start":{"line":11,"column":4},"end":{"line":11,"column":45}},"4":{"start":{"line":17,"column":26},"end":{"line":37,"column":1}},"5":{"start":{"line":18,"column":17},"end":{"line":21,"column":3}},"6":{"start":{"line":23,"column":2},"end":{"line":36,"column":3}},"7":{"start":{"line":24,"column":4},"end":{"line":27,"column":6}},"8":{"start":{"line":28,"column":4},"end":{"line":28,"column":28}},"9":{"start":{"line":30,"column":4},"end":{"line":33,"column":2}},"10":{"start":{"line":35,"column":4},"end":{"line":35,"column":27}},"11":{"start":{"line":40,"column":37},"end":{"line":48,"column":1}},"12":{"start":{"line":41,"column":20},"end":{"line":46,"column":3}},"13":{"start":{"line":47,"column":2},"end":{"line":47,"column":17}},"14":{"start":{"line":51,"column":28},"end":{"line":56,"column":1}},"15":{"start":{"line":52,"column":2},"end":{"line":55,"column":4}}},"fnMap":{"0":{"name":"(anonymous_0)","decl":{"start":{"line":4,"column":26},"end":{"line":4,"column":27}},"loc":{"start":{"line":4,"column":54},"end":{"line":13,"column":1}},"line":4},"1":{"name":"(anonymous_1)","decl":{"start":{"line":17,"column":26},"end":{"line":17,"column":27}},"loc":{"start":{"line":17,"column":54},"end":{"line":37,"column":1}},"line":17},"2":{"name":"(anonymous_2)","decl":{"start":{"line":40,"column":37},"end":{"line":40,"column":38}},"loc":{"start":{"line":40,"column":55},"end":{"line":48,"column":1}},"line":40},"3":{"name":"(anonymous_3)","decl":{"start":{"line":51,"column":28},"end":{"line":51,"column":29}},"loc":{"start":{"line":51,"column":56},"end":{"line":56,"column":1}},"line":51}},"branchMap":{"0":{"loc":{"start":{"line":23,"column":2},"end":{"line":36,"column":3}},"type":"if","locations":[{"start":{"line":23,"column":2},"end":{"line":36,"column":3}},{"start":{"line":29,"column":9},"end":{"line":36,"column":3}}],"line":23}},"s":{"0":2,"1":0,"2":0,"3":0,"4":2,"5":0,"6":0,"7":0,"8":0,"9":0,"10":0,"11":2,"12":0,"13":0,"14":2,"15":0},"f":{"0":0,"1":0,"2":0,"3":0},"b":{"0":[0,0]},"_coverageSchema":"1a1c01bbd47fc00a2c39e90264f33305004495a9","hash":"8308f44ee0b11d94d63e562cbf5214f616863b1b"}
,"/mnt/c/Users/eliz0/OneDrive/Bureau/Savorly/backend/models/users.js": {"path":"/mnt/c/Users/eliz0/OneDrive/Bureau/Savorly/backend/models/users.js","statementMap":{"0":{"start":{"line":6,"column":26},"end":{"line":43,"column":1}},"1":{"start":{"line":7,"column":21},"end":{"line":7,"column":47}},"2":{"start":{"line":9,"column":2},"end":{"line":42,"column":3}},"3":{"start":{"line":10,"column":4},"end":{"line":10,"column":40}},"4":{"start":{"line":13,"column":95},"end":{"line":13,"column":103}},"5":{"start":{"line":14,"column":28},"end":{"line":14,"column":65}},"6":{"start":{"line":16,"column":21},"end":{"line":20,"column":5}},"7":{"start":{"line":22,"column":19},"end":{"line":22,"column":34}},"8":{"start":{"line":25,"column":4},"end":{"line":31,"column":7}},"9":{"start":{"line":33,"column":4},"end":{"line":33,"column":30}},"10":{"start":{"line":35,"column":4},"end":{"line":35,"column":62}},"11":{"start":{"line":37,"column":4},"end":{"line":37,"column":32}},"12":{"start":{"line":38,"column":4},"end":{"line":38,"column":48}},"13":{"start":{"line":39,"column":4},"end":{"line":39,"column":16}},"14":{"start":{"line":41,"column":4},"end":{"line":41,"column":25}},"15":{"start":{"line":46,"column":30},"end":{"line":55,"column":1}},"16":{"start":{"line":47,"column":4},"end":{"line":54,"column":5}},"17":{"start":{"line":48,"column":22},"end":{"line":48,"column":59}},"18":{"start":{"line":49,"column":23},"end":{"line":49,"column":55}},"19":{"start":{"line":50,"column":8},"end":{"line":50,"column":31}},"20":{"start":{"line":52,"column":8},"end":{"line":52,"column":59}},"21":{"start":{"line":53,"column":8},"end":{"line":53,"column":49}},"22":{"start":{"line":57,"column":27},"end":{"line":66,"column":1}},"23":{"start":{"line":58,"column":4},"end":{"line":65,"column":5}},"24":{"start":{"line":59,"column":22},"end":{"line":59,"column":56}},"25":{"start":{"line":60,"column":23},"end":{"line":60,"column":52}},"26":{"start":{"line":61,"column":8},"end":{"line":61,"column":31}},"27":{"start":{"line":63,"column":8},"end":{"line":63,"column":56}},"28":{"start":{"line":64,"column":8},"end":{"line":64,"column":49}},"29":{"start":{"line":68,"column":30},"end":{"line":77,"column":1}},"30":{"start":{"line":69,"column":4},"end":{"line":76,"column":5}},"31":{"start":{"line":70,"column":22},"end":{"line":70,"column":114}},"32":{"start":{"line":71,"column":24},"end":{"line":71,"column":56}},"33":{"start":{"line":72,"column":8},"end":{"line":72,"column":50}},"34":{"start":{"line":74,"column":8},"end":{"line":74,"column":59}},"35":{"start":{"line":75,"column":8},"end":{"line":75,"column":18}},"36":{"start":{"line":79,"column":43},"end":{"line":88,"column":1}},"37":{"start":{"line":80,"column":4},"end":{"line":87,"column":5}},"38":{"start":{"line":81,"column":22},"end":{"line":81,"column":111}},"39":{"start":{"line":82,"column":8},"end":{"line":82,"column":63}},"40":{"start":{"line":83,"column":8},"end":{"line":83,"column":63}},"41":{"start":{"line":85,"column":8},"end":{"line":85,"column":64}},"42":{"start":{"line":86,"column":8},"end":{"line":86,"column":50}}},"fnMap":{"0":{"name":"(anonymous_0)","decl":{"start":{"line":6,"column":26},"end":{"line":6,"column":27}},"loc":{"start":{"line":6,"column":46},"end":{"line":43,"column":1}},"line":6},"1":{"name":"(anonymous_1)","decl":{"start":{"line":46,"column":30},"end":{"line":46,"column":31}},"loc":{"start":{"line":46,"column":47},"end":{"line":55,"column":1}},"line":46},"2":{"name":"(anonymous_2)","decl":{"start":{"line":57,"column":27},"end":{"line":57,"column":28}},"loc":{"start":{"line":57,"column":41},"end":{"line":66,"column":1}},"line":57},"3":{"name":"(anonymous_3)","decl":{"start":{"line":68,"column":30},"end":{"line":68,"column":31}},"loc":{"start":{"line":68,"column":47},"end":{"line":77,"column":1}},"line":68},"4":{"name":"(anonymous_4)","decl":{"start":{"line":79,"column":43},"end":{"line":79,"column":44}},"loc":{"start":{"line":79,"column":80},"end":{"line":88,"column":1}},"line":79}},"branchMap":{"0":{"loc":{"start":{"line":13,"column":57},"end":{"line":13,"column":70}},"type":"default-arg","locations":[{"start":{"line":13,"column":64},"end":{"line":13,"column":70}}],"line":13},"1":{"loc":{"start":{"line":50,"column":15},"end":{"line":50,"column":30}},"type":"binary-expr","locations":[{"start":{"line":50,"column":15},"end":{"line":50,"column":22}},{"start":{"line":50,"column":26},"end":{"line":50,"column":30}}],"line":50},"2":{"loc":{"start":{"line":61,"column":15},"end":{"line":61,"column":30}},"type":"binary-expr","locations":[{"start":{"line":61,"column":15},"end":{"line":61,"column":22}},{"start":{"line":61,"column":26},"end":{"line":61,"column":30}}],"line":61},"3":{"loc":{"start":{"line":72,"column":15},"end":{"line":72,"column":49}},"type":"cond-expr","locations":[{"start":{"line":72,"column":34},"end":{"line":72,"column":42}},{"start":{"line":72,"column":45},"end":{"line":72,"column":49}}],"line":72}},"s":{"0":2,"1":1,"2":1,"3":1,"4":1,"5":1,"6":1,"7":1,"8":1,"9":1,"10":1,"11":0,"12":0,"13":0,"14":1,"15":2,"16":3,"17":3,"18":3,"19":3,"20":0,"21":0,"22":2,"23":0,"24":0,"25":0,"26":0,"27":0,"28":0,"29":2,"30":0,"31":0,"32":0,"33":0,"34":0,"35":0,"36":2,"37":0,"38":0,"39":0,"40":0,"41":0,"42":0},"f":{"0":1,"1":3,"2":0,"3":0,"4":0},"b":{"0":[0],"1":[3,1],"2":[0,0],"3":[0,0]},"_coverageSchema":"1a1c01bbd47fc00a2c39e90264f33305004495a9","hash":"c6bc64c06773ff65b07ac92fc52f78baaa89a985"}
,"/mnt/c/Users/eliz0/OneDrive/Bureau/Savorly/backend/routes/adminRoutes.js": {"path":"/mnt/c/Users/eliz0/OneDrive/Bureau/Savorly/backend/routes/adminRoutes.js","statementMap":{"0":{"start":{"line":6,"column":15},"end":{"line":6,"column":31}},"1":{"start":{"line":8,"column":0},"end":{"line":8,"column":57}},"2":{"start":{"line":9,"column":0},"end":{"line":9,"column":63}},"3":{"start":{"line":10,"column":0},"end":{"line":10,"column":76}}},"fnMap":{},"branchMap":{},"s":{"0":2,"1":2,"2":2,"3":2},"f":{},"b":{},"_coverageSchema":"1a1c01bbd47fc00a2c39e90264f33305004495a9","hash":"e72a3cf239cdd2b190cea64a2f282b99e8699e2c"}
,"/mnt/c/Users/eliz0/OneDrive/Bureau/Savorly/backend/routes/authRoutes.js": {"path":"/mnt/c/Users/eliz0/OneDrive/Bureau/Savorly/backend/routes/authRoutes.js","statementMap":{"0":{"start":{"line":13,"column":15},"end":{"line":13,"column":31}},"1":{"start":{"line":15,"column":28},"end":{"line":19,"column":2}},"2":{"start":{"line":22,"column":0},"end":{"line":22,"column":78}},"3":{"start":{"line":25,"column":0},"end":{"line":25,"column":41}},"4":{"start":{"line":29,"column":25},"end":{"line":33,"column":2}},"5":{"start":{"line":36,"column":0},"end":{"line":36,"column":66}},"6":{"start":{"line":39,"column":0},"end":{"line":41,"column":3}},"7":{"start":{"line":40,"column":4},"end":{"line":40,"column":65}},"8":{"start":{"line":45,"column":0},"end":{"line":63,"column":5}},"9":{"start":{"line":46,"column":22},"end":{"line":46,"column":30}},"10":{"start":{"line":47,"column":20},"end":{"line":47,"column":86}},"11":{"start":{"line":49,"column":4},"end":{"line":51,"column":5}},"12":{"start":{"line":50,"column":6},"end":{"line":50,"column":66}},"13":{"start":{"line":53,"column":17},"end":{"line":53,"column":25}},"14":{"start":{"line":57,"column":21},"end":{"line":57,"column":91}},"15":{"start":{"line":60,"column":4},"end":{"line":60,"column":50}},"16":{"start":{"line":62,"column":4},"end":{"line":62,"column":81}},"17":{"start":{"line":65,"column":0},"end":{"line":65,"column":47}},"18":{"start":{"line":67,"column":2},"end":{"line":67,"column":46}},"19":{"start":{"line":69,"column":2},"end":{"line":69,"column":37}}},"fnMap":{"0":{"name":"(anonymous_0)","decl":{"start":{"line":39,"column":39},"end":{"line":39,"column":40}},"loc":{"start":{"line":39,"column":53},"end":{"line":41,"column":1}},"line":39},"1":{"name":"(anonymous_1)","decl":{"start":{"line":45,"column":36},"end":{"line":45,"column":37}},"loc":{"start":{"line":45,"column":56},"end":{"line":63,"column":3}},"line":45}},"branchMap":{"0":{"loc":{"start":{"line":49,"column":4},"end":{"line":51,"column":5}},"type":"if","locations":[{"start":{"line":49,"column":4},"end":{"line":51,"column":5}},{"start":{},"end":{}}],"line":49}},"s":{"0":2,"1":2,"2":2,"3":2,"4":2,"5":2,"6":2,"7":0,"8":2,"9":0,"10":0,"11":0,"12":0,"13":0,"14":0,"15":0,"16":0,"17":2,"18":2,"19":2},"f":{"0":0,"1":0},"b":{"0":[0,0]},"_coverageSchema":"1a1c01bbd47fc00a2c39e90264f33305004495a9","hash":"cd1bf8dbe4998d8b07127199321173bfb496e0e8"}
,"/mnt/c/Users/eliz0/OneDrive/Bureau/Savorly/backend/routes/categoryRoutes.js": {"path":"/mnt/c/Users/eliz0/OneDrive/Bureau/Savorly/backend/routes/categoryRoutes.js","statementMap":{"0":{"start":{"line":6,"column":15},"end":{"line":6,"column":31}},"1":{"start":{"line":9,"column":0},"end":{"line":9,"column":33}},"2":{"start":{"line":12,"column":0},"end":{"line":12,"column":63}},"3":{"start":{"line":14,"column":0},"end":{"line":14,"column":38}}},"fnMap":{},"branchMap":{},"s":{"0":2,"1":2,"2":2,"3":2},"f":{},"b":{},"_coverageSchema":"1a1c01bbd47fc00a2c39e90264f33305004495a9","hash":"4e70a6b38dd21b69dab4e9dd8e2785ae49a13061"}
,"/mnt/c/Users/eliz0/OneDrive/Bureau/Savorly/backend/routes/profileRoutes.js": {"path":"/mnt/c/Users/eliz0/OneDrive/Bureau/Savorly/backend/routes/profileRoutes.js","statementMap":{"0":{"start":{"line":5,"column":15},"end":{"line":5,"column":31}},"1":{"start":{"line":8,"column":0},"end":{"line":8,"column":32}},"2":{"start":{"line":11,"column":0},"end":{"line":11,"column":35}},"3":{"start":{"line":14,"column":0},"end":{"line":14,"column":62}}},"fnMap":{},"branchMap":{},"s":{"0":2,"1":2,"2":2,"3":2},"f":{},"b":{},"_coverageSchema":"1a1c01bbd47fc00a2c39e90264f33305004495a9","hash":"c6bca30690981aeafd72acac8a123b0f5a67f3dd"}
,"/mnt/c/Users/eliz0/OneDrive/Bureau/Savorly/backend/routes/recipesRoutes.js": {"path":"/mnt/c/Users/eliz0/OneDrive/Bureau/Savorly/backend/routes/recipesRoutes.js","statementMap":{"0":{"start":{"line":15,"column":15},"end":{"line":15,"column":31}},"1":{"start":{"line":17,"column":0},"end":{"line":17,"column":75}},"2":{"start":{"line":18,"column":0},"end":{"line":18,"column":50}},"3":{"start":{"line":19,"column":0},"end":{"line":19,"column":31}},"4":{"start":{"line":20,"column":0},"end":{"line":20,"column":34}},"5":{"start":{"line":21,"column":0},"end":{"line":21,"column":71}},"6":{"start":{"line":22,"column":0},"end":{"line":22,"column":50}},"7":{"start":{"line":23,"column":0},"end":{"line":23,"column":70}},"8":{"start":{"line":24,"column":0},"end":{"line":24,"column":68}}},"fnMap":{},"branchMap":{},"s":{"0":2,"1":2,"2":2,"3":2,"4":2,"5":2,"6":2,"7":2,"8":2},"f":{},"b":{},"_coverageSchema":"1a1c01bbd47fc00a2c39e90264f33305004495a9","hash":"515ce8d590445b6c80f42351feb880c7405c9459"}
,"/mnt/c/Users/eliz0/OneDrive/Bureau/Savorly/backend/routes/savedRecipesRoutes.js": {"path":"/mnt/c/Users/eliz0/OneDrive/Bureau/Savorly/backend/routes/savedRecipesRoutes.js","statementMap":{"0":{"start":{"line":11,"column":15},"end":{"line":11,"column":31}},"1":{"start":{"line":14,"column":0},"end":{"line":14,"column":50}},"2":{"start":{"line":15,"column":0},"end":{"line":15,"column":60}},"3":{"start":{"line":16,"column":0},"end":{"line":16,"column":47}},"4":{"start":{"line":18,"column":0},"end":{"line":18,"column":53}}},"fnMap":{},"branchMap":{},"s":{"0":2,"1":2,"2":2,"3":2,"4":2},"f":{},"b":{},"_coverageSchema":"1a1c01bbd47fc00a2c39e90264f33305004495a9","hash":"7f4dc6bbd05cb7a9f2c2f054617f474ac1af40c7"}
,"/mnt/c/Users/eliz0/OneDrive/Bureau/Savorly/backend/services/emailService.js": {"path":"/mnt/c/Users/eliz0/OneDrive/Bureau/Savorly/backend/services/emailService.js","statementMap":{"0":{"start":{"line":4,"column":25},"end":{"line":68,"column":1}},"1":{"start":{"line":5,"column":2},"end":{"line":9,"column":3}},"2":{"start":{"line":6,"column":21},"end":{"line":6,"column":48}},"3":{"start":{"line":7,"column":4},"end":{"line":7,"column":27}},"4":{"start":{"line":8,"column":4},"end":{"line":8,"column":47}},"5":{"start":{"line":11,"column":22},"end":{"line":44,"column":3}},"6":{"start":{"line":46,"column":22},"end":{"line":55,"column":4}},"7":{"start":{"line":57,"column":2},"end":{"line":67,"column":5}},"8":{"start":{"line":58,"column":4},"end":{"line":66,"column":7}},"9":{"start":{"line":59,"column":6},"end":{"line":62,"column":7}},"10":{"start":{"line":60,"column":8},"end":{"line":60,"column":69}},"11":{"start":{"line":61,"column":8},"end":{"line":61,"column":57}},"12":{"start":{"line":64,"column":6},"end":{"line":64,"column":54}},"13":{"start":{"line":65,"column":6},"end":{"line":65,"column":20}}},"fnMap":{"0":{"name":"(anonymous_0)","decl":{"start":{"line":4,"column":25},"end":{"line":4,"column":26}},"loc":{"start":{"line":4,"column":62},"end":{"line":68,"column":1}},"line":4},"1":{"name":"(anonymous_1)","decl":{"start":{"line":57,"column":21},"end":{"line":57,"column":22}},"loc":{"start":{"line":57,"column":42},"end":{"line":67,"column":3}},"line":57},"2":{"name":"(anonymous_2)","decl":{"start":{"line":58,"column":38},"end":{"line":58,"column":39}},"loc":{"start":{"line":58,"column":55},"end":{"line":66,"column":5}},"line":58}},"branchMap":{"0":{"loc":{"start":{"line":5,"column":2},"end":{"line":9,"column":3}},"type":"if","locations":[{"start":{"line":5,"column":2},"end":{"line":9,"column":3}},{"start":{},"end":{}}],"line":5},"1":{"loc":{"start":{"line":5,"column":6},"end":{"line":5,"column":56}},"type":"binary-expr","locations":[{"start":{"line":5,"column":6},"end":{"line":5,"column":29}},{"start":{"line":5,"column":33},"end":{"line":5,"column":56}}],"line":5},"2":{"loc":{"start":{"line":59,"column":6},"end":{"line":62,"column":7}},"type":"if","locations":[{"start":{"line":59,"column":6},"end":{"line":62,"column":7}},{"start":{},"end":{}}],"line":59}},"s":{"0":3,"1":4,"2":1,"3":1,"4":1,"5":3,"6":3,"7":3,"8":3,"9":3,"10":1,"11":1,"12":2,"13":2},"f":{"0":4,"1":3,"2":3},"b":{"0":[1,3],"1":[4,3],"2":[1,2]},"_coverageSchema":"1a1c01bbd47fc00a2c39e90264f33305004495a9","hash":"3f0cdcf9c69bc615a5e895806519e20fff3cb6ac"}
,"/mnt/c/Users/eliz0/OneDrive/Bureau/Savorly/backend/utils/streamUpload.js": {"path":"/mnt/c/Users/eliz0/OneDrive/Bureau/Savorly/backend/utils/streamUpload.js","statementMap":{"0":{"start":{"line":4,"column":21},"end":{"line":22,"column":1}},"1":{"start":{"line":5,"column":2},"end":{"line":21,"column":5}},"2":{"start":{"line":6,"column":25},"end":{"line":18,"column":5}},"3":{"start":{"line":12,"column":8},"end":{"line":15,"column":9}},"4":{"start":{"line":13,"column":10},"end":{"line":13,"column":59}},"5":{"start":{"line":14,"column":10},"end":{"line":14,"column":31}},"6":{"start":{"line":16,"column":8},"end":{"line":16,"column":24}},"7":{"start":{"line":20,"column":4},"end":{"line":20,"column":60}}},"fnMap":{"0":{"name":"(anonymous_0)","decl":{"start":{"line":4,"column":21},"end":{"line":4,"column":22}},"loc":{"start":{"line":4,"column":41},"end":{"line":22,"column":1}},"line":4},"1":{"name":"(anonymous_1)","decl":{"start":{"line":5,"column":21},"end":{"line":5,"column":22}},"loc":{"start":{"line":5,"column":42},"end":{"line":21,"column":3}},"line":5},"2":{"name":"(anonymous_2)","decl":{"start":{"line":11,"column":6},"end":{"line":11,"column":7}},"loc":{"start":{"line":11,"column":25},"end":{"line":17,"column":7}},"line":11}},"branchMap":{"0":{"loc":{"start":{"line":12,"column":8},"end":{"line":15,"column":9}},"type":"if","locations":[{"start":{"line":12,"column":8},"end":{"line":15,"column":9}},{"start":{},"end":{}}],"line":12}},"s":{"0":2,"1":0,"2":0,"3":0,"4":0,"5":0,"6":0,"7":0},"f":{"0":0,"1":0,"2":0},"b":{"0":[0,0]},"_coverageSchema":"1a1c01bbd47fc00a2c39e90264f33305004495a9","hash":"47d30462ff555c2928edef23a38347bdbde7007a"}
,"/mnt/c/Users/eliz0/OneDrive/Bureau/Savorly/backend/utils/tokenUtils.js": {"path":"/mnt/c/Users/eliz0/OneDrive/Bureau/Savorly/backend/utils/tokenUtils.js","statementMap":{"0":{"start":{"line":3,"column":37},"end":{"line":21,"column":1}},"1":{"start":{"line":4,"column":2},"end":{"line":6,"column":3}},"2":{"start":{"line":5,"column":4},"end":{"line":5,"column":81}},"3":{"start":{"line":8,"column":2},"end":{"line":14,"column":5}},"4":{"start":{"line":16,"column":2},"end":{"line":20,"column":3}},"5":{"start":{"line":17,"column":4},"end":{"line":17,"column":72}},"6":{"start":{"line":19,"column":4},"end":{"line":19,"column":73}}},"fnMap":{"0":{"name":"(anonymous_0)","decl":{"start":{"line":3,"column":37},"end":{"line":3,"column":38}},"loc":{"start":{"line":3,"column":70},"end":{"line":21,"column":1}},"line":3}},"branchMap":{"0":{"loc":{"start":{"line":4,"column":2},"end":{"line":6,"column":3}},"type":"if","locations":[{"start":{"line":4,"column":2},"end":{"line":6,"column":3}},{"start":{},"end":{}}],"line":4},"1":{"loc":{"start":{"line":11,"column":14},"end":{"line":11,"column":39}},"type":"cond-expr","locations":[{"start":{"line":11,"column":25},"end":{"line":11,"column":31}},{"start":{"line":11,"column":34},"end":{"line":11,"column":39}}],"line":11},"2":{"loc":{"start":{"line":16,"column":2},"end":{"line":20,"column":3}},"type":"if","locations":[{"start":{"line":16,"column":2},"end":{"line":20,"column":3}},{"start":{"line":18,"column":9},"end":{"line":20,"column":3}}],"line":16}},"s":{"0":2,"1":1,"2":0,"3":1,"4":1,"5":0,"6":1},"f":{"0":1},"b":{"0":[0,1],"1":[0,1],"2":[0,1]},"_coverageSchema":"1a1c01bbd47fc00a2c39e90264f33305004495a9","hash":"5a2d13034b6712ce9697c540c952d378dc4c510a"}
}
