TN:
SF:app.js
FN:39,(anonymous_0)
FN:75,(anonymous_1)
FN:89,(anonymous_2)
FN:102,(anonymous_3)
FN:106,(anonymous_4)
FNF:5
FNH:1
FNDA:4,(anonymous_0)
FNDA:0,(anonymous_1)
FNDA:0,(anonymous_2)
FNDA:0,(anonymous_3)
FNDA:0,(anonymous_4)
DA:18,2
DA:19,2
DA:21,2
DA:22,0
DA:23,0
DA:26,2
DA:28,2
DA:30,2
DA:32,2
DA:38,2
DA:40,4
DA:41,4
DA:43,4
DA:45,0
DA:46,0
DA:48,0
DA:49,0
DA:56,2
DA:57,2
DA:58,2
DA:59,2
DA:60,2
DA:62,2
DA:65,2
DA:66,2
DA:67,2
DA:68,2
DA:69,2
DA:70,2
DA:72,2
DA:75,2
DA:76,0
DA:77,0
DA:78,0
DA:80,0
DA:81,0
DA:82,0
DA:84,0
DA:85,0
DA:89,2
DA:90,0
DA:91,0
DA:93,0
DA:94,0
DA:95,0
DA:97,0
DA:98,0
DA:102,2
DA:103,0
DA:106,2
DA:107,0
DA:108,0
DA:109,0
LF:53
LH:28
BRDA:18,0,0,0
BRDA:18,0,1,2
BRDA:21,1,0,0
BRDA:21,1,1,2
BRDA:33,2,0,2
BRDA:33,2,1,0
BRDA:41,3,0,4
BRDA:41,3,1,0
BRDA:45,4,0,0
BRDA:45,4,1,0
BRDA:76,5,0,0
BRDA:76,5,1,0
BRDA:80,6,0,0
BRDA:80,6,1,0
BRDA:80,7,0,0
BRDA:80,7,1,0
BRDA:91,8,0,0
BRDA:91,8,1,0
BRF:18
BRH:4
end_of_record
TN:
SF:config/cloudinaryConfig.js
FNF:0
FNH:0
DA:4,2
LF:1
LH:1
BRF:0
BRH:0
end_of_record
TN:
SF:config/db.js
FN:35,checkDbConnection
FNF:1
FNH:1
FNDA:10,checkDbConnection
DA:5,14
DA:6,14
DA:8,14
DA:10,14
DA:36,10
DA:37,10
DA:38,10
DA:39,10
DA:41,0
DA:42,0
LF:10
LH:8
BRDA:16,0,0,0
BRDA:16,0,1,14
BRDA:20,1,0,0
BRDA:20,1,1,14
BRDA:20,2,0,14
BRDA:20,2,1,14
BRF:6
BRH:4
end_of_record
TN:
SF:config/logger.js
FNF:0
FNH:0
DA:4,14
DA:26,14
DA:62,14
LF:3
LH:3
BRDA:36,0,0,0
BRDA:36,0,1,14
BRF:2
BRH:1
end_of_record
TN:
SF:controllers/adminController.js
FN:5,(anonymous_0)
FN:21,(anonymous_1)
FNF:2
FNH:0
FNDA:0,(anonymous_0)
FNDA:0,(anonymous_1)
DA:5,2
DA:6,0
DA:7,0
DA:8,0
DA:11,0
DA:12,0
DA:13,0
DA:15,0
DA:16,0
DA:21,2
DA:22,0
DA:23,0
DA:24,0
DA:26,0
DA:27,0
DA:28,0
DA:31,0
DA:32,0
DA:35,0
DA:36,0
DA:39,0
DA:40,0
DA:41,0
DA:44,0
DA:45,0
DA:48,0
DA:49,0
DA:52,0
DA:53,0
LF:29
LH:2
BRDA:7,0,0,0
BRDA:7,0,1,0
BRDA:27,1,0,0
BRDA:27,1,1,0
BRDA:31,2,0,0
BRDA:31,2,1,0
BRDA:35,3,0,0
BRDA:35,3,1,0
BRDA:40,4,0,0
BRDA:40,4,1,0
BRDA:44,5,0,0
BRDA:44,5,1,0
BRF:12
BRH:0
end_of_record
TN:
SF:controllers/authController.js
FN:15,(anonymous_0)
FN:18,(anonymous_1)
FN:20,(anonymous_2)
FN:76,(anonymous_3)
FN:113,(anonymous_4)
FN:154,(anonymous_5)
FN:178,(anonymous_6)
FNF:7
FNH:1
FNDA:0,(anonymous_0)
FNDA:0,(anonymous_1)
FNDA:1,(anonymous_2)
FNDA:0,(anonymous_3)
FNDA:0,(anonymous_4)
FNDA:0,(anonymous_5)
FNDA:0,(anonymous_6)
DA:15,2
DA:16,0
DA:18,2
DA:20,2
DA:21,1
DA:22,1
DA:24,1
DA:25,0
DA:30,1
DA:31,1
DA:32,1
DA:33,0
DA:34,0
DA:37,1
DA:38,1
DA:40,1
DA:50,1
DA:54,1
DA:55,1
DA:57,1
DA:58,1
DA:69,0
DA:72,0
DA:76,2
DA:77,0
DA:79,0
DA:80,0
DA:81,0
DA:82,0
DA:83,0
DA:86,0
DA:87,0
DA:88,0
DA:91,0
DA:92,0
DA:94,0
DA:96,0
DA:100,0
DA:101,0
DA:103,0
DA:104,0
DA:106,0
DA:109,0
DA:113,2
DA:114,0
DA:116,0
DA:117,0
DA:118,0
DA:121,0
DA:122,0
DA:124,0
DA:130,0
DA:136,0
DA:138,0
DA:146,0
DA:147,0
DA:149,0
DA:150,0
DA:154,2
DA:155,0
DA:156,0
DA:158,0
DA:159,0
DA:160,0
DA:163,0
DA:165,0
DA:166,0
DA:167,0
DA:170,0
DA:171,0
DA:173,0
DA:174,0
DA:178,2
DA:179,0
DA:180,0
DA:181,0
LF:76
LH:21
BRDA:16,0,0,0
BRDA:16,0,1,0
BRDA:24,1,0,0
BRDA:24,1,1,1
BRDA:24,2,0,1
BRDA:24,2,1,0
BRDA:32,3,0,0
BRDA:32,3,1,1
BRDA:81,4,0,0
BRDA:81,4,1,0
BRDA:86,5,0,0
BRDA:86,5,1,0
BRDA:116,6,0,0
BRDA:116,6,1,0
BRDA:141,7,0,0
BRDA:141,7,1,0
BRDA:158,8,0,0
BRDA:158,8,1,0
BRDA:165,9,0,0
BRDA:165,9,1,0
BRF:20
BRH:3
end_of_record
TN:
SF:controllers/categoryController.js
FN:3,(anonymous_0)
FN:16,(anonymous_1)
FN:34,(anonymous_2)
FNF:3
FNH:0
FNDA:0,(anonymous_0)
FNDA:0,(anonymous_1)
FNDA:0,(anonymous_2)
DA:3,2
DA:4,0
DA:5,0
DA:6,0
DA:7,0
DA:8,0
DA:10,0
DA:11,0
DA:16,2
DA:17,0
DA:18,0
DA:19,0
DA:20,0
DA:23,0
DA:24,0
DA:25,0
DA:26,0
DA:27,0
DA:29,0
DA:30,0
DA:34,2
DA:35,0
DA:37,0
DA:38,0
DA:39,0
DA:40,0
DA:41,0
DA:42,0
DA:44,0
DA:45,0
DA:47,0
DA:48,0
LF:32
LH:3
BRDA:18,0,0,0
BRDA:18,0,1,0
BRDA:40,1,0,0
BRDA:40,1,1,0
BRF:4
BRH:0
end_of_record
TN:
SF:controllers/loginController.js
FN:7,(anonymous_0)
FNF:1
FNH:1
FNDA:2,(anonymous_0)
DA:7,2
DA:8,2
DA:9,2
DA:12,2
DA:13,2
DA:14,2
DA:17,2
DA:18,0
DA:19,0
DA:22,2
DA:23,2
DA:24,1
DA:25,1
DA:28,1
DA:29,0
DA:30,0
DA:33,1
DA:39,1
DA:45,1
DA:46,1
DA:47,1
DA:49,1
DA:57,1
DA:59,1
DA:61,1
DA:73,0
DA:74,0
DA:75,0
LF:28
LH:21
BRDA:17,0,0,0
BRDA:17,0,1,2
BRDA:23,1,0,1
BRDA:23,1,1,1
BRDA:28,2,0,0
BRDA:28,2,1,1
BRDA:46,3,0,1
BRDA:46,3,1,0
BRDA:47,4,0,1
BRDA:47,4,1,1
BRDA:52,5,0,0
BRDA:52,5,1,1
BRF:12
BRH:8
end_of_record
TN:
SF:controllers/profileController.js
FN:5,(anonymous_0)
FN:19,(anonymous_1)
FN:43,(anonymous_2)
FN:54,(anonymous_3)
FNF:4
FNH:0
FNDA:0,(anonymous_0)
FNDA:0,(anonymous_1)
FNDA:0,(anonymous_2)
FNDA:0,(anonymous_3)
DA:5,2
DA:6,0
DA:8,0
DA:9,0
DA:10,0
DA:11,0
DA:13,0
DA:15,0
DA:19,2
DA:20,0
DA:21,0
DA:24,0
DA:25,0
DA:26,0
DA:28,0
DA:29,0
DA:36,0
DA:37,0
DA:39,0
DA:43,2
DA:44,0
DA:46,0
DA:47,0
DA:48,0
DA:51,0
DA:52,0
DA:55,0
DA:56,0
DA:58,0
DA:61,0
DA:63,0
LF:31
LH:3
BRDA:10,0,0,0
BRDA:10,0,1,0
BRDA:24,1,0,0
BRDA:24,1,1,0
BRDA:25,2,0,0
BRDA:25,2,1,0
BRDA:25,3,0,0
BRDA:25,3,1,0
BRDA:26,4,0,0
BRDA:26,4,1,0
BRDA:26,5,0,0
BRDA:26,5,1,0
BRDA:30,6,0,0
BRDA:30,6,1,0
BRDA:31,7,0,0
BRDA:31,7,1,0
BRDA:32,8,0,0
BRDA:32,8,1,0
BRDA:33,9,0,0
BRDA:33,9,1,0
BRDA:44,10,0,0
BRDA:44,10,1,0
BRDA:47,11,0,0
BRDA:47,11,1,0
BRDA:55,12,0,0
BRDA:55,12,1,0
BRF:26
BRH:0
end_of_record
TN:
SF:controllers/recipeController.js
FN:27,(anonymous_0)
FN:37,(anonymous_1)
FN:64,(anonymous_2)
FN:83,(anonymous_3)
FN:93,(anonymous_4)
FN:109,(anonymous_5)
FN:128,(anonymous_6)
FN:151,(anonymous_7)
FN:171,(anonymous_8)
FN:194,(anonymous_9)
FN:200,(anonymous_10)
FN:221,(anonymous_11)
FN:241,(anonymous_12)
FNF:13
FNH:0
FNDA:0,(anonymous_0)
FNDA:0,(anonymous_1)
FNDA:0,(anonymous_2)
FNDA:0,(anonymous_3)
FNDA:0,(anonymous_4)
FNDA:0,(anonymous_5)
FNDA:0,(anonymous_6)
FNDA:0,(anonymous_7)
FNDA:0,(anonymous_8)
FNDA:0,(anonymous_9)
FNDA:0,(anonymous_10)
FNDA:0,(anonymous_11)
FNDA:0,(anonymous_12)
DA:27,2
DA:28,0
DA:29,0
DA:31,0
DA:32,0
DA:33,0
DA:36,0
DA:37,0
DA:38,0
DA:39,0
DA:41,0
DA:42,0
DA:43,0
DA:45,0
DA:46,0
DA:47,0
DA:50,0
DA:57,0
DA:58,0
DA:61,0
DA:62,0
DA:65,0
DA:66,0
DA:67,0
DA:69,0
DA:72,0
DA:74,0
DA:77,0
DA:78,0
DA:83,2
DA:84,0
DA:85,0
DA:87,0
DA:88,0
DA:89,0
DA:92,0
DA:93,0
DA:94,0
DA:95,0
DA:97,0
DA:98,0
DA:99,0
DA:101,0
DA:102,0
DA:106,0
DA:107,0
DA:110,0
DA:111,0
DA:112,0
DA:114,0
DA:117,0
DA:119,0
DA:122,0
DA:123,0
DA:128,2
DA:129,0
DA:130,0
DA:131,0
DA:132,0
DA:133,0
DA:136,0
DA:142,0
DA:143,0
DA:145,0
DA:146,0
DA:151,2
DA:152,0
DA:153,0
DA:155,0
DA:156,0
DA:157,0
DA:159,0
DA:160,0
DA:161,0
DA:163,0
DA:164,0
DA:165,0
DA:168,0
DA:169,0
DA:170,0
DA:171,0
DA:172,0
DA:173,0
DA:179,0
DA:180,0
DA:181,0
DA:182,0
DA:184,0
DA:185,0
DA:188,0
DA:189,0
DA:194,2
DA:195,0
DA:196,0
DA:200,2
DA:201,0
DA:202,0
DA:203,0
DA:205,0
DA:206,0
DA:207,0
DA:210,0
DA:211,0
DA:212,0
DA:213,0
DA:215,0
DA:216,0
DA:221,2
DA:222,0
DA:223,0
DA:224,0
DA:226,0
DA:227,0
DA:228,0
DA:231,0
DA:232,0
DA:233,0
DA:234,0
DA:236,0
DA:237,0
DA:241,2
DA:242,0
DA:244,0
DA:245,0
DA:246,0
DA:249,0
DA:250,0
DA:252,0
LF:128
LH:8
BRDA:31,0,0,0
BRDA:31,0,1,0
BRDA:31,1,0,0
BRDA:31,1,1,0
BRDA:41,2,0,0
BRDA:41,2,1,0
BRDA:45,3,0,0
BRDA:45,3,1,0
BRDA:61,4,0,0
BRDA:61,4,1,0
BRDA:65,5,0,0
BRDA:65,5,1,0
BRDA:87,6,0,0
BRDA:87,6,1,0
BRDA:87,7,0,0
BRDA:87,7,1,0
BRDA:87,7,2,0
BRDA:97,8,0,0
BRDA:97,8,1,0
BRDA:106,9,0,0
BRDA:106,9,1,0
BRDA:110,10,0,0
BRDA:110,10,1,0
BRDA:131,11,0,0
BRDA:131,11,1,0
BRDA:159,12,0,0
BRDA:159,12,1,0
BRDA:163,13,0,0
BRDA:163,13,1,0
BRDA:168,14,0,0
BRDA:168,14,1,0
BRDA:170,15,0,0
BRDA:170,15,1,0
BRDA:172,16,0,0
BRDA:172,16,1,0
BRDA:180,17,0,0
BRDA:180,17,1,0
BRDA:196,18,0,0
BRDA:196,18,1,0
BRDA:205,19,0,0
BRDA:205,19,1,0
BRDA:226,20,0,0
BRDA:226,20,1,0
BRDA:226,21,0,0
BRDA:226,21,1,0
BRDA:226,21,2,0
BRDA:226,21,3,0
BRDA:245,22,0,0
BRDA:245,22,1,0
BRF:49
BRH:0
end_of_record
TN:
SF:controllers/savedRecipesController.js
FN:8,(anonymous_0)
FN:24,(anonymous_1)
FN:43,(anonymous_2)
FN:55,(anonymous_3)
FNF:4
FNH:0
FNDA:0,(anonymous_0)
FNDA:0,(anonymous_1)
FNDA:0,(anonymous_2)
FNDA:0,(anonymous_3)
DA:8,2
DA:9,0
DA:10,0
DA:12,0
DA:13,0
DA:16,0
DA:17,0
DA:18,0
DA:20,0
DA:24,2
DA:25,0
DA:26,0
DA:28,0
DA:29,0
DA:32,0
DA:33,0
DA:34,0
DA:39,0
DA:43,2
DA:44,0
DA:46,0
DA:47,0
DA:48,0
DA:50,0
DA:55,2
DA:56,0
DA:57,0
DA:59,0
DA:60,0
DA:63,0
DA:64,0
DA:65,0
DA:67,0
LF:33
LH:4
BRDA:12,0,0,0
BRDA:12,0,1,0
BRDA:28,1,0,0
BRDA:28,1,1,0
BRDA:35,2,0,0
BRDA:35,2,1,0
BRDA:59,3,0,0
BRDA:59,3,1,0
BRF:8
BRH:0
end_of_record
TN:
SF:controllers/verifyEmailController.js
FN:4,(anonymous_0)
FN:14,(anonymous_1)
FNF:2
FNH:0
FNDA:0,(anonymous_0)
FNDA:0,(anonymous_1)
DA:4,2
DA:5,0
DA:6,0
DA:7,0
DA:8,0
DA:10,0
DA:14,2
DA:15,0
DA:16,0
DA:18,0
DA:19,0
DA:22,0
DA:23,0
DA:24,0
DA:26,0
DA:27,0
DA:30,0
DA:31,0
DA:34,0
DA:35,0
LF:20
LH:2
BRDA:7,0,0,0
BRDA:7,0,1,0
BRDA:18,1,0,0
BRDA:18,1,1,0
BRDA:26,2,0,0
BRDA:26,2,1,0
BRDA:26,3,0,0
BRDA:26,3,1,0
BRF:8
BRH:0
end_of_record
TN:
SF:middleware/authenticate.js
FN:4,(anonymous_0)
FN:19,(anonymous_1)
FNF:2
FNH:1
FNDA:1,(anonymous_0)
FNDA:0,(anonymous_1)
DA:4,2
DA:5,1
DA:8,1
DA:11,1
DA:13,1
DA:14,1
DA:15,1
DA:19,0
DA:20,0
DA:21,0
DA:22,0
DA:26,0
DA:32,0
DA:33,0
DA:36,0
LF:15
LH:7
BRDA:13,0,0,1
BRDA:13,0,1,0
BRDA:20,1,0,0
BRDA:20,1,1,0
BRF:4
BRH:1
end_of_record
TN:
SF:middleware/isAdmin.js
FN:3,(anonymous_0)
FN:20,(anonymous_1)
FNF:2
FNH:0
FNDA:0,(anonymous_0)
FNDA:0,(anonymous_1)
DA:3,2
DA:4,0
DA:6,0
DA:7,0
DA:10,0
DA:11,0
DA:12,0
DA:13,0
DA:15,0
DA:16,0
DA:20,2
DA:21,0
DA:22,0
DA:24,0
LF:14
LH:2
BRDA:6,0,0,0
BRDA:6,0,1,0
BRDA:6,1,0,0
BRDA:6,1,1,0
BRDA:21,2,0,0
BRDA:21,2,1,0
BRF:6
BRH:0
end_of_record
TN:
SF:middleware/upload.js
FN:10,(anonymous_0)
FNF:1
FNH:0
FNDA:0,(anonymous_0)
DA:5,2
DA:6,2
DA:8,2
DA:10,2
DA:11,0
DA:13,0
DA:15,0
DA:16,0
DA:18,0
DA:19,0
DA:23,2
LF:11
LH:5
BRDA:15,0,0,0
BRDA:15,0,1,0
BRF:2
BRH:0
end_of_record
TN:
SF:middleware/validateInput.js
FN:4,(anonymous_0)
FN:25,(anonymous_1)
FNF:2
FNH:2
FNDA:1,(anonymous_0)
FNDA:2,(anonymous_1)
DA:4,2
DA:5,1
DA:13,1
DA:14,1
DA:16,1
DA:17,0
DA:18,0
DA:20,1
DA:25,2
DA:26,2
DA:31,2
DA:32,2
DA:33,2
DA:34,0
DA:35,0
DA:37,2
LF:16
LH:12
BRDA:16,0,0,0
BRDA:16,0,1,1
BRDA:33,1,0,0
BRDA:33,1,1,2
BRF:4
BRH:2
end_of_record
TN:
SF:migrations/runMigrations.js
FN:9,columnExists
FN:17,(anonymous_1)
FN:24,(anonymous_2)
FNF:3
FNH:3
FNDA:40,columnExists
FNDA:10,(anonymous_1)
FNDA:100,(anonymous_2)
DA:6,10
DA:10,40
DA:14,40
DA:17,10
DA:18,10
DA:20,10
DA:21,10
DA:22,10
DA:24,100
DA:26,10
DA:27,90
DA:28,90
DA:32,10
DA:33,0
DA:36,0
DA:39,10
DA:40,0
DA:43,0
DA:45,10
DA:46,0
DA:47,0
DA:50,10
DA:51,0
DA:52,0
DA:56,10
DA:58,0
LF:26
LH:17
BRDA:32,0,0,0
BRDA:32,0,1,10
BRDA:39,1,0,0
BRDA:39,1,1,10
BRDA:45,2,0,0
BRDA:45,2,1,10
BRDA:50,3,0,0
BRDA:50,3,1,10
BRF:8
BRH:4
end_of_record
TN:
SF:models/admin.js
FN:3,(anonymous_0)
FN:15,(anonymous_1)
FNF:2
FNH:0
FNDA:0,(anonymous_0)
FNDA:0,(anonymous_1)
DA:3,2
DA:4,0
DA:5,0
DA:6,0
DA:8,0
DA:9,0
DA:15,2
DA:16,0
LF:8
LH:2
BRF:0
BRH:0
end_of_record
TN:
SF:models/categories.js
FN:5,(anonymous_0)
FN:18,(anonymous_1)
FN:31,(anonymous_2)
FNF:3
FNH:2
FNDA:1,(anonymous_0)
FNDA:1,(anonymous_1)
FNDA:0,(anonymous_2)
DA:5,3
DA:6,1
DA:7,1
DA:8,1
DA:9,1
DA:10,1
DA:12,0
DA:13,0
DA:18,3
DA:19,1
DA:20,1
DA:21,1
DA:22,1
DA:23,1
DA:25,0
DA:26,0
DA:31,3
DA:32,0
DA:33,0
DA:34,0
DA:35,0
DA:36,0
DA:38,0
DA:39,0
DA:41,0
DA:42,0
LF:26
LH:13
BRDA:35,0,0,0
BRDA:35,0,1,0
BRDA:39,1,0,0
BRDA:39,1,1,0
BRF:4
BRH:0
end_of_record
TN:
SF:models/comments.js
FN:3,(anonymous_0)
FN:30,(anonymous_1)
FNF:2
FNH:2
FNDA:1,(anonymous_0)
FNDA:1,(anonymous_1)
DA:3,3
DA:4,1
DA:7,1
DA:8,0
DA:12,1
DA:13,0
DA:16,1
DA:17,1
DA:22,1
DA:24,0
DA:30,3
DA:31,1
DA:32,1
DA:33,1
DA:35,0
LF:15
LH:11
BRDA:7,0,0,0
BRDA:7,0,1,1
BRDA:7,1,0,1
BRDA:7,1,1,1
BRDA:12,2,0,0
BRDA:12,2,1,1
BRDA:12,3,0,1
BRDA:12,3,1,1
BRF:8
BRH:6
end_of_record
TN:
SF:models/ingredients.js
FN:4,(anonymous_0)
FN:7,(anonymous_1)
FN:22,(anonymous_2)
FNF:3
FNH:3
FNDA:2,(anonymous_0)
FNDA:6,(anonymous_1)
FNDA:2,(anonymous_2)
DA:4,3
DA:5,2
DA:7,6
DA:10,2
DA:13,1
DA:16,1
DA:22,3
DA:23,2
DA:24,2
DA:28,1
DA:31,1
LF:11
LH:11
BRF:0
BRH:0
end_of_record
TN:
SF:models/profile.js
FN:5,(anonymous_0)
FN:28,(anonymous_1)
FN:35,(anonymous_2)
FNF:3
FNH:1
FNDA:1,(anonymous_0)
FNDA:0,(anonymous_1)
FNDA:0,(anonymous_2)
DA:5,2
DA:6,1
DA:7,1
DA:12,1
DA:19,1
DA:21,0
DA:22,0
DA:28,2
DA:29,0
DA:30,0
DA:31,0
DA:35,2
DA:36,0
DA:38,0
DA:40,0
DA:41,0
DA:42,0
DA:47,0
DA:48,0
DA:51,0
DA:52,0
DA:57,0
DA:58,0
DA:61,0
DA:62,0
LF:25
LH:7
BRDA:40,0,0,0
BRDA:40,0,1,0
BRDA:57,1,0,0
BRDA:57,1,1,0
BRF:4
BRH:0
end_of_record
TN:
SF:models/ratings.js
FN:4,(anonymous_0)
FNF:1
FNH:1
FNDA:1,(anonymous_0)
DA:4,3
DA:5,1
DA:6,1
DA:10,1
DA:12,0
LF:5
LH:4
BRF:0
BRH:0
end_of_record
TN:
SF:models/recipes.js
FN:5,(anonymous_0)
FN:11,(anonymous_1)
FN:25,(anonymous_2)
FN:50,(anonymous_3)
FN:61,(anonymous_4)
FN:76,(anonymous_5)
FN:87,(anonymous_6)
FNF:7
FNH:7
FNDA:6,(anonymous_0)
FNDA:3,(anonymous_1)
FNDA:5,(anonymous_2)
FNDA:5,(anonymous_3)
FNDA:5,(anonymous_4)
FNDA:5,(anonymous_5)
FNDA:3,(anonymous_6)
DA:5,4
DA:6,6
DA:7,6
DA:11,4
DA:12,3
DA:13,3
DA:17,2
DA:18,2
DA:20,1
DA:25,4
DA:26,5
DA:27,5
DA:29,5
DA:30,2
DA:37,2
DA:39,3
DA:40,2
DA:42,4
DA:43,4
DA:45,1
DA:50,4
DA:51,5
DA:52,5
DA:53,5
DA:54,4
DA:56,1
DA:61,4
DA:62,5
DA:63,5
DA:68,4
DA:69,4
DA:71,1
DA:76,4
DA:77,5
DA:78,5
DA:79,4
DA:80,4
DA:82,1
DA:87,4
DA:88,3
DA:89,3
DA:97,2
DA:98,2
DA:100,1
LF:44
LH:44
BRDA:5,0,0,0
BRDA:25,1,0,3
BRDA:29,2,0,2
BRDA:29,2,1,3
BRDA:54,3,0,4
BRDA:54,3,1,2
BRF:6
BRH:5
end_of_record
TN:
SF:models/recipes_categories.js
FN:4,(anonymous_0)
FN:11,(anonymous_1)
FN:23,(anonymous_2)
FN:41,(anonymous_3)
FN:52,(anonymous_4)
FNF:5
FNH:0
FNDA:0,(anonymous_0)
FNDA:0,(anonymous_1)
FNDA:0,(anonymous_2)
FNDA:0,(anonymous_3)
FNDA:0,(anonymous_4)
DA:4,2
DA:5,0
DA:6,0
DA:9,0
DA:11,0
DA:14,0
DA:15,0
DA:17,0
DA:18,0
DA:23,2
DA:24,0
DA:26,0
DA:33,0
DA:35,0
DA:36,0
DA:41,2
DA:42,0
DA:44,0
DA:45,0
DA:47,0
DA:52,2
DA:53,0
DA:55,0
DA:56,0
DA:58,0
LF:25
LH:4
BRDA:5,0,0,0
BRDA:5,0,1,0
BRDA:5,1,0,0
BRDA:5,1,1,0
BRF:4
BRH:0
end_of_record
TN:
SF:models/savedRecipes.js
FN:4,(anonymous_0)
FN:17,(anonymous_1)
FN:40,(anonymous_2)
FN:51,(anonymous_3)
FNF:4
FNH:0
FNDA:0,(anonymous_0)
FNDA:0,(anonymous_1)
FNDA:0,(anonymous_2)
FNDA:0,(anonymous_3)
DA:4,2
DA:5,0
DA:6,0
DA:11,0
DA:17,2
DA:18,0
DA:23,0
DA:24,0
DA:28,0
DA:30,0
DA:35,0
DA:40,2
DA:41,0
DA:47,0
DA:51,2
DA:52,0
LF:16
LH:4
BRDA:23,0,0,0
BRDA:23,0,1,0
BRF:2
BRH:0
end_of_record
TN:
SF:models/users.js
FN:6,(anonymous_0)
FN:46,(anonymous_1)
FN:57,(anonymous_2)
FN:68,(anonymous_3)
FN:79,(anonymous_4)
FNF:5
FNH:2
FNDA:1,(anonymous_0)
FNDA:3,(anonymous_1)
FNDA:0,(anonymous_2)
FNDA:0,(anonymous_3)
FNDA:0,(anonymous_4)
DA:6,2
DA:7,1
DA:9,1
DA:10,1
DA:13,1
DA:14,1
DA:16,1
DA:22,1
DA:25,1
DA:33,1
DA:35,1
DA:37,0
DA:38,0
DA:39,0
DA:41,1
DA:46,2
DA:47,3
DA:48,3
DA:49,3
DA:50,3
DA:52,0
DA:53,0
DA:57,2
DA:58,0
DA:59,0
DA:60,0
DA:61,0
DA:63,0
DA:64,0
DA:68,2
DA:69,0
DA:70,0
DA:71,0
DA:72,0
DA:74,0
DA:75,0
DA:79,2
DA:80,0
DA:81,0
DA:82,0
DA:83,0
DA:85,0
DA:86,0
LF:43
LH:20
BRDA:13,0,0,0
BRDA:50,1,0,3
BRDA:50,1,1,1
BRDA:61,2,0,0
BRDA:61,2,1,0
BRDA:72,3,0,0
BRDA:72,3,1,0
BRF:7
BRH:2
end_of_record
TN:
SF:routes/adminRoutes.js
FNF:0
FNH:0
DA:6,2
DA:8,2
DA:9,2
DA:10,2
LF:4
LH:4
BRF:0
BRH:0
end_of_record
TN:
SF:routes/authRoutes.js
FN:39,(anonymous_0)
FN:45,(anonymous_1)
FNF:2
FNH:0
FNDA:0,(anonymous_0)
FNDA:0,(anonymous_1)
DA:13,2
DA:15,2
DA:22,2
DA:25,2
DA:29,2
DA:36,2
DA:39,2
DA:40,0
DA:45,2
DA:46,0
DA:47,0
DA:49,0
DA:50,0
DA:53,0
DA:57,0
DA:60,0
DA:62,0
DA:65,2
DA:67,2
DA:69,2
LF:20
LH:11
BRDA:49,0,0,0
BRDA:49,0,1,0
BRF:2
BRH:0
end_of_record
TN:
SF:routes/categoryRoutes.js
FNF:0
FNH:0
DA:6,2
DA:9,2
DA:12,2
DA:14,2
LF:4
LH:4
BRF:0
BRH:0
end_of_record
TN:
SF:routes/profileRoutes.js
FNF:0
FNH:0
DA:5,2
DA:8,2
DA:11,2
DA:14,2
LF:4
LH:4
BRF:0
BRH:0
end_of_record
TN:
SF:routes/recipesRoutes.js
FNF:0
FNH:0
DA:14,2
DA:16,2
DA:17,2
DA:18,2
DA:19,2
DA:20,2
DA:21,2
DA:22,2
LF:8
LH:8
BRF:0
BRH:0
end_of_record
TN:
SF:routes/savedRecipesRoutes.js
FNF:0
FNH:0
DA:11,2
DA:14,2
DA:15,2
DA:16,2
DA:18,2
LF:5
LH:5
BRF:0
BRH:0
end_of_record
TN:
SF:services/emailService.js
FN:4,(anonymous_0)
FN:57,(anonymous_1)
FN:58,(anonymous_2)
FNF:3
FNH:3
FNDA:4,(anonymous_0)
FNDA:3,(anonymous_1)
FNDA:3,(anonymous_2)
DA:4,3
DA:5,4
DA:6,1
DA:7,1
DA:8,1
DA:11,3
DA:46,3
DA:57,3
DA:58,3
DA:59,3
DA:60,1
DA:61,1
DA:64,2
DA:65,2
LF:14
LH:14
BRDA:5,0,0,1
BRDA:5,0,1,3
BRDA:5,1,0,4
BRDA:5,1,1,3
BRDA:59,2,0,1
BRDA:59,2,1,2
BRF:6
BRH:6
end_of_record
TN:
SF:utils/tokenUtils.js
FN:3,(anonymous_0)
FNF:1
FNH:1
FNDA:1,(anonymous_0)
DA:3,2
DA:4,1
DA:5,0
DA:8,1
DA:16,1
DA:17,0
DA:19,1
LF:7
LH:5
BRDA:4,0,0,0
BRDA:4,0,1,1
BRDA:11,1,0,0
BRDA:11,1,1,1
BRDA:16,2,0,0
BRDA:16,2,1,1
BRF:6
BRH:3
end_of_record
